{"meta": {"format": 3, "version": "7.10.4", "timestamp": "2025-10-27T11:20:45.182736", "branch_coverage": false, "show_contexts": false}, "files": {"src/__init__.py": {"executed_lines": [0], "summary": {"covered_lines": 0, "num_statements": 0, "percent_covered": 100.0, "percent_covered_display": "100.00", "missing_lines": 0, "excluded_lines": 0}, "missing_lines": [], "excluded_lines": [], "functions": {"": {"executed_lines": [], "summary": {"covered_lines": 0, "num_statements": 0, "percent_covered": 100.0, "percent_covered_display": "100.00", "missing_lines": 0, "excluded_lines": 0}, "missing_lines": [], "excluded_lines": []}}, "classes": {"": {"executed_lines": [], "summary": {"covered_lines": 0, "num_statements": 0, "percent_covered": 100.0, "percent_covered_display": "100.00", "missing_lines": 0, "excluded_lines": 0}, "missing_lines": [], "excluded_lines": []}}}, "src/agent_server/__init__.py": {"executed_lines": [0], "summary": {"covered_lines": 0, "num_statements": 0, "percent_covered": 100.0, "percent_covered_display": "100.00", "missing_lines": 0, "excluded_lines": 0}, "missing_lines": [], "excluded_lines": [], "functions": {"": {"executed_lines": [], "summary": {"covered_lines": 0, "num_statements": 0, "percent_covered": 100.0, "percent_covered_display": "100.00", "missing_lines": 0, "excluded_lines": 0}, "missing_lines": [], "excluded_lines": []}}, "classes": {"": {"executed_lines": [], "summary": {"covered_lines": 0, "num_statements": 0, "percent_covered": 100.0, "percent_covered_display": "100.00", "missing_lines": 0, "excluded_lines": 0}, "missing_lines": [], "excluded_lines": []}}}, "src/agent_server/api/__init__.py": {"executed_lines": [1], "summary": {"covered_lines": 0, "num_statements": 0, "percent_covered": 100.0, "percent_covered_display": "100.00", "missing_lines": 0, "excluded_lines": 0}, "missing_lines": [], "excluded_lines": [], "functions": {"": {"executed_lines": [1], "summary": {"covered_lines": 0, "num_statements": 0, "percent_covered": 100.0, "percent_covered_display": "100.00", "missing_lines": 0, "excluded_lines": 0}, "missing_lines": [], "excluded_lines": []}}, "classes": {"": {"executed_lines": [1], "summary": {"covered_lines": 0, "num_statements": 0, "percent_covered": 100.0, "percent_covered_display": "100.00", "missing_lines": 0, "excluded_lines": 0}, "missing_lines": [], "excluded_lines": []}}}, "src/agent_server/api/assistants.py": {"executed_lines": [1, 38, 40, 41, 49, 51, 54, 55, 91, 94, 95, 113, 114, 117, 118, 148, 151, 152, 174, 177, 178, 199, 202, 203, 240, 243, 244, 265, 268, 269, 299, 302, 303, 324, 327, 328, 363, 366, 367, 398, 399, 402, 403, 432], "summary": {"covered_lines": 43, "num_statements": 43, "percent_covered": 100.0, "percent_covered_display": "100.00", "missing_lines": 0, "excluded_lines": 0}, "missing_lines": [], "excluded_lines": [], "functions": {"create_assistant": {"executed_lines": [91], "summary": {"covered_lines": 1, "num_statements": 1, "percent_covered": 100.0, "percent_covered_display": "100.00", "missing_lines": 0, "excluded_lines": 0}, "missing_lines": [], "excluded_lines": []}, "list_assistants": {"executed_lines": [113, 114], "summary": {"covered_lines": 2, "num_statements": 2, "percent_covered": 100.0, "percent_covered_display": "100.00", "missing_lines": 0, "excluded_lines": 0}, "missing_lines": [], "excluded_lines": []}, "search_assistants": {"executed_lines": [148], "summary": {"covered_lines": 1, "num_statements": 1, "percent_covered": 100.0, "percent_covered_display": "100.00", "missing_lines": 0, "excluded_lines": 0}, "missing_lines": [], "excluded_lines": []}, "count_assistants": {"executed_lines": [174], "summary": {"covered_lines": 1, "num_statements": 1, "percent_covered": 100.0, "percent_covered_display": "100.00", "missing_lines": 0, "excluded_lines": 0}, "missing_lines": [], "excluded_lines": []}, "get_assistant": {"executed_lines": [199], "summary": {"covered_lines": 1, "num_statements": 1, "percent_covered": 100.0, "percent_covered_display": "100.00", "missing_lines": 0, "excluded_lines": 0}, "missing_lines": [], "excluded_lines": []}, "update_assistant": {"executed_lines": [240], "summary": {"covered_lines": 1, "num_statements": 1, "percent_covered": 100.0, "percent_covered_display": "100.00", "missing_lines": 0, "excluded_lines": 0}, "missing_lines": [], "excluded_lines": []}, "delete_assistant": {"executed_lines": [265], "summary": {"covered_lines": 1, "num_statements": 1, "percent_covered": 100.0, "percent_covered_display": "100.00", "missing_lines": 0, "excluded_lines": 0}, "missing_lines": [], "excluded_lines": []}, "set_assistant_latest": {"executed_lines": [299], "summary": {"covered_lines": 1, "num_statements": 1, "percent_covered": 100.0, "percent_covered_display": "100.00", "missing_lines": 0, "excluded_lines": 0}, "missing_lines": [], "excluded_lines": []}, "list_assistant_versions": {"executed_lines": [324], "summary": {"covered_lines": 1, "num_statements": 1, "percent_covered": 100.0, "percent_covered_display": "100.00", "missing_lines": 0, "excluded_lines": 0}, "missing_lines": [], "excluded_lines": []}, "get_assistant_schemas": {"executed_lines": [363], "summary": {"covered_lines": 1, "num_statements": 1, "percent_covered": 100.0, "percent_covered_display": "100.00", "missing_lines": 0, "excluded_lines": 0}, "missing_lines": [], "excluded_lines": []}, "get_assistant_graph": {"executed_lines": [398, 399], "summary": {"covered_lines": 2, "num_statements": 2, "percent_covered": 100.0, "percent_covered_display": "100.00", "missing_lines": 0, "excluded_lines": 0}, "missing_lines": [], "excluded_lines": []}, "get_assistant_subgraphs": {"executed_lines": [432], "summary": {"covered_lines": 1, "num_statements": 1, "percent_covered": 100.0, "percent_covered_display": "100.00", "missing_lines": 0, "excluded_lines": 0}, "missing_lines": [], "excluded_lines": []}, "": {"executed_lines": [1, 38, 40, 41, 49, 51, 54, 55, 94, 95, 117, 118, 151, 152, 177, 178, 202, 203, 243, 244, 268, 269, 302, 303, 327, 328, 366, 367, 402, 403], "summary": {"covered_lines": 29, "num_statements": 29, "percent_covered": 100.0, "percent_covered_display": "100.00", "missing_lines": 0, "excluded_lines": 0}, "missing_lines": [], "excluded_lines": []}}, "classes": {"": {"executed_lines": [1, 38, 40, 41, 49, 51, 54, 55, 91, 94, 95, 113, 114, 117, 118, 148, 151, 152, 174, 177, 178, 199, 202, 203, 240, 243, 244, 265, 268, 269, 299, 302, 303, 324, 327, 328, 363, 366, 367, 398, 399, 402, 403, 432], "summary": {"covered_lines": 43, "num_statements": 43, "percent_covered": 100.0, "percent_covered_display": "100.00", "missing_lines": 0, "excluded_lines": 0}, "missing_lines": [], "excluded_lines": []}}}, "src/agent_server/api/runs.py": {"executed_lines": [1, 32, 33, 34, 35, 36, 37, 38, 40, 41, 42, 43, 44, 46, 47, 48, 49, 50, 51, 52, 53, 54, 55, 56, 57, 59, 61, 62, 68, 71, 74, 120, 142, 189, 190, 230, 241, 244, 245, 248, 255, 256, 257, 259, 260, 262, 265, 266, 267, 346, 347, 520, 521, 544, 549, 552, 553, 554, 557, 559, 563, 568, 569, 597, 608, 609, 610, 611, 615, 616, 619, 620, 704, 705, 739, 746, 747, 750, 752, 753, 754, 777, 778, 815, 818, 825, 826, 870, 871, 919, 922, 929, 930, 932, 945, 948, 950, 955, 958, 965, 972, 974, 979, 1018, 1266, 1332, 1333, 1378, 1381, 1388, 1389, 1392, 1399, 1409, 1416, 1419, 1420, 1424], "summary": {"covered_lines": 117, "num_statements": 363, "percent_covered": 32.231404958677686, "percent_covered_display": "32.23", "missing_lines": 246, "excluded_lines": 0}, "missing_lines": [95, 96, 97, 99, 100, 104, 106, 134, 139, 169, 172, 173, 174, 175, 181, 186, 232, 233, 234, 235, 236, 237, 270, 271, 272, 277, 278, 283, 284, 298, 299, 302, 319, 338, 341, 343, 387, 389, 390, 391, 392, 393, 394, 398, 401, 402, 408, 409, 411, 413, 414, 416, 419, 420, 421, 424, 425, 426, 431, 432, 437, 438, 452, 453, 456, 473, 492, 495, 498, 499, 500, 503, 505, 652, 655, 662, 663, 667, 668, 671, 672, 673, 678, 679, 680, 681, 684, 685, 686, 691, 692, 695, 696, 698, 699, 757, 758, 759, 760, 761, 763, 764, 766, 769, 770, 771, 772, 773, 828, 832, 834, 835, 837, 840, 853, 857, 933, 936, 938, 943, 959, 960, 961, 962, 973, 1000, 1002, 1004, 1005, 1007, 1008, 1009, 1010, 1011, 1012, 1013, 1015, 1088, 1089, 1090, 1094, 1095, 1099, 1100, 1102, 1104, 1106, 1109, 1110, 1112, 1117, 1118, 1123, 1124, 1134, 1136, 1137, 1140, 1143, 1146, 1147, 1148, 1151, 1152, 1153, 1154, 1156, 1160, 1161, 1162, 1164, 1166, 1167, 1175, 1176, 1178, 1179, 1182, 1189, 1197, 1198, 1199, 1200, 1201, 1203, 1204, 1207, 1208, 1209, 1210, 1212, 1214, 1215, 1218, 1219, 1222, 1226, 1230, 1231, 1234, 1236, 1238, 1239, 1240, 1243, 1245, 1246, 1247, 1249, 1252, 1253, 1256, 1258, 1259, 1262, 1263, 1300, 1301, 1302, 1303, 1304, 1305, 1306, 1307, 1309, 1310, 1311, 1312, 1313, 1314, 1318, 1319, 1320, 1321, 1324, 1325, 1328, 1329, 1393, 1400, 1401, 1403, 1404, 1405, 1406, 1421], "excluded_lines": [], "functions": {"map_command_to_langgraph": {"executed_lines": [], "summary": {"covered_lines": 0, "num_statements": 7, "percent_covered": 0.0, "percent_covered_display": "0.00", "missing_lines": 7, "excluded_lines": 0}, "missing_lines": [95, 96, 97, 99, 100, 104, 106], "excluded_lines": []}, "set_thread_status": {"executed_lines": [], "summary": {"covered_lines": 0, "num_statements": 2, "percent_covered": 0.0, "percent_covered_display": "0.00", "missing_lines": 2, "excluded_lines": 0}, "missing_lines": [134, 139], "excluded_lines": []}, "update_thread_metadata": {"executed_lines": [], "summary": {"covered_lines": 0, "num_statements": 7, "percent_covered": 0.0, "percent_covered_display": "0.00", "missing_lines": 7, "excluded_lines": 0}, "missing_lines": [169, 172, 173, 174, 175, 181, 186], "excluded_lines": []}, "create_run": {"executed_lines": [230, 241, 244, 245, 248, 255, 256, 257, 259, 260, 262, 265, 266, 267], "summary": {"covered_lines": 14, "num_statements": 34, "percent_covered": 41.1764705882353, "percent_covered_display": "41.18", "missing_lines": 20, "excluded_lines": 0}, "missing_lines": [232, 233, 234, 235, 236, 237, 270, 271, 272, 277, 278, 283, 284, 298, 299, 302, 319, 338, 341, 343], "excluded_lines": []}, "create_and_stream_run": {"executed_lines": [], "summary": {"covered_lines": 0, "num_statements": 37, "percent_covered": 0.0, "percent_covered_display": "0.00", "missing_lines": 37, "excluded_lines": 0}, "missing_lines": [387, 389, 390, 391, 392, 393, 394, 398, 401, 402, 408, 409, 411, 413, 414, 416, 419, 420, 421, 424, 425, 426, 431, 432, 437, 438, 452, 453, 456, 473, 492, 495, 498, 499, 500, 503, 505], "excluded_lines": []}, "get_run": {"executed_lines": [544, 549, 552, 553, 554, 557, 559, 563], "summary": {"covered_lines": 8, "num_statements": 8, "percent_covered": 100.0, "percent_covered_display": "100.00", "missing_lines": 0, "excluded_lines": 0}, "missing_lines": [], "excluded_lines": []}, "list_runs": {"executed_lines": [597, 608, 609, 610, 611, 615, 616], "summary": {"covered_lines": 7, "num_statements": 7, "percent_covered": 100.0, "percent_covered_display": "100.00", "missing_lines": 0, "excluded_lines": 0}, "missing_lines": [], "excluded_lines": []}, "update_run": {"executed_lines": [], "summary": {"covered_lines": 0, "num_statements": 22, "percent_covered": 0.0, "percent_covered_display": "0.00", "missing_lines": 22, "excluded_lines": 0}, "missing_lines": [652, 655, 662, 663, 667, 668, 671, 672, 673, 678, 679, 680, 681, 684, 685, 686, 691, 692, 695, 696, 698, 699], "excluded_lines": []}, "join_run": {"executed_lines": [739, 746, 747, 750, 752, 753, 754], "summary": {"covered_lines": 7, "num_statements": 20, "percent_covered": 35.0, "percent_covered_display": "35.00", "missing_lines": 13, "excluded_lines": 0}, "missing_lines": [757, 758, 759, 760, 761, 763, 764, 766, 769, 770, 771, 772, 773], "excluded_lines": []}, "stream_run": {"executed_lines": [815, 818, 825, 826], "summary": {"covered_lines": 4, "num_statements": 11, "percent_covered": 36.36363636363637, "percent_covered_display": "36.36", "missing_lines": 7, "excluded_lines": 0}, "missing_lines": [828, 832, 834, 837, 840, 853, 857], "excluded_lines": []}, "stream_run.generate_final": {"executed_lines": [], "summary": {"covered_lines": 0, "num_statements": 1, "percent_covered": 0.0, "percent_covered_display": "0.00", "missing_lines": 1, "excluded_lines": 0}, "missing_lines": [835], "excluded_lines": []}, "cancel_run_endpoint": {"executed_lines": [919, 922, 929, 930, 932, 945, 948, 950, 955, 958, 965, 972, 974], "summary": {"covered_lines": 13, "num_statements": 22, "percent_covered": 59.09090909090909, "percent_covered_display": "59.09", "missing_lines": 9, "excluded_lines": 0}, "missing_lines": [933, 936, 938, 943, 959, 960, 961, 962, 973], "excluded_lines": []}, "_should_skip_event": {"executed_lines": [], "summary": {"covered_lines": 0, "num_statements": 12, "percent_covered": 0.0, "percent_covered_display": "0.00", "missing_lines": 12, "excluded_lines": 0}, "missing_lines": [1000, 1002, 1004, 1005, 1007, 1008, 1009, 1010, 1011, 1012, 1013, 1015], "excluded_lines": []}, "execute_run_async": {"executed_lines": [], "summary": {"covered_lines": 0, "num_statements": 78, "percent_covered": 0.0, "percent_covered_display": "0.00", "missing_lines": 78, "excluded_lines": 0}, "missing_lines": [1088, 1089, 1090, 1094, 1099, 1100, 1102, 1104, 1106, 1109, 1110, 1112, 1117, 1118, 1123, 1124, 1134, 1136, 1137, 1140, 1143, 1146, 1147, 1148, 1151, 1152, 1153, 1154, 1156, 1160, 1161, 1162, 1164, 1166, 1167, 1175, 1176, 1178, 1179, 1182, 1189, 1197, 1198, 1199, 1200, 1201, 1203, 1204, 1207, 1208, 1209, 1210, 1212, 1214, 1215, 1218, 1219, 1222, 1226, 1230, 1231, 1234, 1236, 1238, 1239, 1240, 1243, 1245, 1246, 1247, 1249, 1252, 1253, 1256, 1258, 1259, 1262, 1263], "excluded_lines": []}, "execute_run_async._normalize_mode": {"executed_lines": [], "summary": {"covered_lines": 0, "num_statements": 1, "percent_covered": 0.0, "percent_covered_display": "0.00", "missing_lines": 1, "excluded_lines": 0}, "missing_lines": [1095], "excluded_lines": []}, "update_run_status": {"executed_lines": [], "summary": {"covered_lines": 0, "num_statements": 22, "percent_covered": 0.0, "percent_covered_display": "0.00", "missing_lines": 22, "excluded_lines": 0}, "missing_lines": [1300, 1301, 1302, 1303, 1304, 1305, 1306, 1307, 1309, 1310, 1311, 1312, 1313, 1314, 1318, 1319, 1320, 1321, 1324, 1325, 1328, 1329], "excluded_lines": []}, "delete_run": {"executed_lines": [1378, 1381, 1388, 1389, 1392, 1399, 1409, 1416, 1419, 1420, 1424], "summary": {"covered_lines": 11, "num_statements": 19, "percent_covered": 57.89473684210526, "percent_covered_display": "57.89", "missing_lines": 8, "excluded_lines": 0}, "missing_lines": [1393, 1400, 1401, 1403, 1404, 1405, 1406, 1421], "excluded_lines": []}, "": {"executed_lines": [1, 32, 33, 34, 35, 36, 37, 38, 40, 41, 42, 43, 44, 46, 47, 48, 49, 50, 51, 52, 53, 54, 55, 56, 57, 59, 61, 62, 68, 71, 74, 120, 142, 189, 190, 346, 347, 520, 521, 568, 569, 619, 620, 704, 705, 777, 778, 870, 871, 979, 1018, 1266, 1332, 1333], "summary": {"covered_lines": 53, "num_statements": 53, "percent_covered": 100.0, "percent_covered_display": "100.00", "missing_lines": 0, "excluded_lines": 0}, "missing_lines": [], "excluded_lines": []}}, "classes": {"": {"executed_lines": [1, 32, 33, 34, 35, 36, 37, 38, 40, 41, 42, 43, 44, 46, 47, 48, 49, 50, 51, 52, 53, 54, 55, 56, 57, 59, 61, 62, 68, 71, 74, 120, 142, 189, 190, 230, 241, 244, 245, 248, 255, 256, 257, 259, 260, 262, 265, 266, 267, 346, 347, 520, 521, 544, 549, 552, 553, 554, 557, 559, 563, 568, 569, 597, 608, 609, 610, 611, 615, 616, 619, 620, 704, 705, 739, 746, 747, 750, 752, 753, 754, 777, 778, 815, 818, 825, 826, 870, 871, 919, 922, 929, 930, 932, 945, 948, 950, 955, 958, 965, 972, 974, 979, 1018, 1266, 1332, 1333, 1378, 1381, 1388, 1389, 1392, 1399, 1409, 1416, 1419, 1420, 1424], "summary": {"covered_lines": 117, "num_statements": 363, "percent_covered": 32.231404958677686, "percent_covered_display": "32.23", "missing_lines": 246, "excluded_lines": 0}, "missing_lines": [95, 96, 97, 99, 100, 104, 106, 134, 139, 169, 172, 173, 174, 175, 181, 186, 232, 233, 234, 235, 236, 237, 270, 271, 272, 277, 278, 283, 284, 298, 299, 302, 319, 338, 341, 343, 387, 389, 390, 391, 392, 393, 394, 398, 401, 402, 408, 409, 411, 413, 414, 416, 419, 420, 421, 424, 425, 426, 431, 432, 437, 438, 452, 453, 456, 473, 492, 495, 498, 499, 500, 503, 505, 652, 655, 662, 663, 667, 668, 671, 672, 673, 678, 679, 680, 681, 684, 685, 686, 691, 692, 695, 696, 698, 699, 757, 758, 759, 760, 761, 763, 764, 766, 769, 770, 771, 772, 773, 828, 832, 834, 835, 837, 840, 853, 857, 933, 936, 938, 943, 959, 960, 961, 962, 973, 1000, 1002, 1004, 1005, 1007, 1008, 1009, 1010, 1011, 1012, 1013, 1015, 1088, 1089, 1090, 1094, 1095, 1099, 1100, 1102, 1104, 1106, 1109, 1110, 1112, 1117, 1118, 1123, 1124, 1134, 1136, 1137, 1140, 1143, 1146, 1147, 1148, 1151, 1152, 1153, 1154, 1156, 1160, 1161, 1162, 1164, 1166, 1167, 1175, 1176, 1178, 1179, 1182, 1189, 1197, 1198, 1199, 1200, 1201, 1203, 1204, 1207, 1208, 1209, 1210, 1212, 1214, 1215, 1218, 1219, 1222, 1226, 1230, 1231, 1234, 1236, 1238, 1239, 1240, 1243, 1245, 1246, 1247, 1249, 1252, 1253, 1256, 1258, 1259, 1262, 1263, 1300, 1301, 1302, 1303, 1304, 1305, 1306, 1307, 1309, 1310, 1311, 1312, 1313, 1314, 1318, 1319, 1320, 1321, 1324, 1325, 1328, 1329, 1393, 1400, 1401, 1403, 1404, 1405, 1406, 1421], "excluded_lines": []}}}, "src/agent_server/api/store.py": {"executed_lines": [1, 42, 44, 46, 47, 57, 60, 61, 97, 100, 102, 104, 108, 111, 112, 157, 159, 160, 162, 165, 168, 170, 172, 174, 175, 177, 180, 181, 228, 229, 230, 232, 233, 234, 235, 238, 241, 243, 245, 247, 250, 251, 303, 308, 310, 314, 321, 326, 334, 371, 373, 376, 380], "summary": {"covered_lines": 52, "num_statements": 54, "percent_covered": 96.29629629629629, "percent_covered_display": "96.30", "missing_lines": 2, "excluded_lines": 0}, "missing_lines": [158, 377], "excluded_lines": [], "functions": {"put_store_item": {"executed_lines": [97, 100, 102, 104, 108], "summary": {"covered_lines": 5, "num_statements": 5, "percent_covered": 100.0, "percent_covered_display": "100.00", "missing_lines": 0, "excluded_lines": 0}, "missing_lines": [], "excluded_lines": []}, "get_store_item": {"executed_lines": [157, 159, 160, 162, 165, 168, 170, 172, 174, 175, 177], "summary": {"covered_lines": 11, "num_statements": 12, "percent_covered": 91.66666666666667, "percent_covered_display": "91.67", "missing_lines": 1, "excluded_lines": 0}, "missing_lines": [158], "excluded_lines": []}, "delete_store_item": {"executed_lines": [228, 229, 230, 232, 233, 234, 235, 238, 241, 243, 245, 247], "summary": {"covered_lines": 12, "num_statements": 12, "percent_covered": 100.0, "percent_covered_display": "100.00", "missing_lines": 0, "excluded_lines": 0}, "missing_lines": [], "excluded_lines": []}, "search_store_items": {"executed_lines": [303, 308, 310, 314, 321, 326], "summary": {"covered_lines": 6, "num_statements": 6, "percent_covered": 100.0, "percent_covered_display": "100.00", "missing_lines": 0, "excluded_lines": 0}, "missing_lines": [], "excluded_lines": []}, "apply_user_namespace_scoping": {"executed_lines": [371, 373, 376, 380], "summary": {"covered_lines": 4, "num_statements": 5, "percent_covered": 80.0, "percent_covered_display": "80.00", "missing_lines": 1, "excluded_lines": 0}, "missing_lines": [377], "excluded_lines": []}, "": {"executed_lines": [1, 42, 44, 46, 47, 57, 60, 61, 111, 112, 180, 181, 250, 251, 334], "summary": {"covered_lines": 14, "num_statements": 14, "percent_covered": 100.0, "percent_covered_display": "100.00", "missing_lines": 0, "excluded_lines": 0}, "missing_lines": [], "excluded_lines": []}}, "classes": {"": {"executed_lines": [1, 42, 44, 46, 47, 57, 60, 61, 97, 100, 102, 104, 108, 111, 112, 157, 159, 160, 162, 165, 168, 170, 172, 174, 175, 177, 180, 181, 228, 229, 230, 232, 233, 234, 235, 238, 241, 243, 245, 247, 250, 251, 303, 308, 310, 314, 321, 326, 334, 371, 373, 376, 380], "summary": {"covered_lines": 52, "num_statements": 54, "percent_covered": 96.29629629629629, "percent_covered_display": "96.30", "missing_lines": 2, "excluded_lines": 0}, "missing_lines": [158, 377], "excluded_lines": []}}}, "src/agent_server/api/threads.py": {"executed_lines": [1, 44, 45, 46, 47, 48, 49, 50, 52, 53, 54, 56, 57, 58, 59, 60, 61, 71, 72, 81, 82, 84, 90, 91, 124, 127, 128, 137, 144, 145, 147, 148, 153, 154, 155, 157, 161, 162, 163, 170, 173, 174, 177, 180, 181, 182, 184, 192, 195, 196, 217, 218, 219, 220, 229, 232, 233, 254, 257, 258, 259, 261, 269, 270, 313, 315, 318, 319, 320, 323, 324, 325, 326, 378, 379, 389, 390, 417, 418, 419, 425, 426, 481, 483, 484, 489, 490, 496, 497, 500, 501, 507, 508, 509, 512, 517, 520, 521, 525, 526, 527, 533, 538, 539, 540, 548, 550, 551, 552, 554, 555, 556, 559, 560, 565, 566, 569, 570, 573, 580, 584, 597, 598, 639, 640, 641, 642, 643, 645, 646, 647, 655, 658, 659, 694, 697, 700, 701, 702, 705, 710, 713, 738, 739, 741, 744, 747, 748, 802, 804, 805, 807, 809, 810, 812, 813, 815, 817, 818, 819, 830], "summary": {"covered_lines": 160, "num_statements": 227, "percent_covered": 70.48458149779735, "percent_covered_display": "70.48", "missing_lines": 67, "excluded_lines": 0}, "missing_lines": [158, 159, 165, 166, 167, 168, 329, 334, 335, 336, 337, 338, 341, 346, 347, 350, 351, 352, 353, 354, 359, 364, 365, 371, 376, 380, 381, 384, 422, 485, 491, 498, 502, 510, 522, 529, 530, 541, 542, 543, 553, 574, 576, 577, 586, 587, 588, 589, 591, 592, 593, 594, 644, 714, 718, 719, 720, 723, 726, 727, 728, 730, 731, 732, 733, 734, 735], "excluded_lines": [], "functions": {"create_thread": {"executed_lines": [124, 127, 128, 137, 144, 145, 147, 148, 153, 161, 170, 173, 174, 177, 180, 181, 182, 184, 192], "summary": {"covered_lines": 19, "num_statements": 19, "percent_covered": 100.0, "percent_covered_display": "100.00", "missing_lines": 0, "excluded_lines": 0}, "missing_lines": [], "excluded_lines": []}, "create_thread._coerce_str": {"executed_lines": [154, 155, 157], "summary": {"covered_lines": 3, "num_statements": 5, "percent_covered": 60.0, "percent_covered_display": "60.00", "missing_lines": 2, "excluded_lines": 0}, "missing_lines": [158, 159], "excluded_lines": []}, "create_thread._coerce_dict": {"executed_lines": [162, 163], "summary": {"covered_lines": 2, "num_statements": 6, "percent_covered": 33.333333333333336, "percent_covered_display": "33.33", "missing_lines": 4, "excluded_lines": 0}, "missing_lines": [165, 166, 167, 168], "excluded_lines": []}, "list_threads": {"executed_lines": [217, 218, 219, 220, 229], "summary": {"covered_lines": 5, "num_statements": 5, "percent_covered": 100.0, "percent_covered_display": "100.00", "missing_lines": 0, "excluded_lines": 0}, "missing_lines": [], "excluded_lines": []}, "get_thread": {"executed_lines": [254, 257, 258, 259, 261], "summary": {"covered_lines": 5, "num_statements": 5, "percent_covered": 100.0, "percent_covered_display": "100.00", "missing_lines": 0, "excluded_lines": 0}, "missing_lines": [], "excluded_lines": []}, "get_thread_state_at_checkpoint": {"executed_lines": [313, 315, 318, 319, 320, 323, 324, 325, 326, 378, 379], "summary": {"covered_lines": 11, "num_statements": 33, "percent_covered": 33.333333333333336, "percent_covered_display": "33.33", "missing_lines": 22, "excluded_lines": 0}, "missing_lines": [329, 334, 335, 336, 337, 338, 341, 346, 347, 350, 351, 352, 353, 354, 359, 364, 365, 371, 376, 380, 381, 384], "excluded_lines": []}, "get_thread_state_at_checkpoint_post": {"executed_lines": [417, 418, 419], "summary": {"covered_lines": 3, "num_statements": 4, "percent_covered": 75.0, "percent_covered_display": "75.00", "missing_lines": 1, "excluded_lines": 0}, "missing_lines": [422], "excluded_lines": []}, "get_thread_history_post": {"executed_lines": [481, 483, 484, 489, 490, 496, 497, 500, 501, 507, 508, 509, 512, 517, 520, 521, 525, 526, 527, 533, 538, 539, 540, 548, 550, 551, 552, 554, 555, 556, 559, 560, 565, 566, 569, 570, 573, 580, 584], "summary": {"covered_lines": 39, "num_statements": 62, "percent_covered": 62.903225806451616, "percent_covered_display": "62.90", "missing_lines": 23, "excluded_lines": 0}, "missing_lines": [485, 491, 498, 502, 510, 522, 529, 530, 541, 542, 543, 553, 574, 576, 577, 586, 587, 588, 589, 591, 592, 593, 594], "excluded_lines": []}, "get_thread_history_get": {"executed_lines": [639, 640, 641, 642, 643, 645, 646, 647, 655], "summary": {"covered_lines": 9, "num_statements": 10, "percent_covered": 90.0, "percent_covered_display": "90.00", "missing_lines": 1, "excluded_lines": 0}, "missing_lines": [644], "excluded_lines": []}, "delete_thread": {"executed_lines": [694, 697, 700, 701, 702, 705, 710, 713, 738, 739, 741, 744], "summary": {"covered_lines": 12, "num_statements": 26, "percent_covered": 46.15384615384615, "percent_covered_display": "46.15", "missing_lines": 14, "excluded_lines": 0}, "missing_lines": [714, 718, 719, 720, 723, 726, 727, 728, 730, 731, 732, 733, 734, 735], "excluded_lines": []}, "search_threads": {"executed_lines": [802, 804, 805, 807, 809, 810, 812, 813, 815, 817, 818, 819, 830], "summary": {"covered_lines": 13, "num_statements": 13, "percent_covered": 100.0, "percent_covered_display": "100.00", "missing_lines": 0, "excluded_lines": 0}, "missing_lines": [], "excluded_lines": []}, "": {"executed_lines": [1, 44, 45, 46, 47, 48, 49, 50, 52, 53, 54, 56, 57, 58, 59, 60, 61, 71, 72, 81, 82, 84, 90, 91, 195, 196, 232, 233, 269, 270, 389, 390, 425, 426, 597, 598, 658, 659, 747, 748], "summary": {"covered_lines": 39, "num_statements": 39, "percent_covered": 100.0, "percent_covered_display": "100.00", "missing_lines": 0, "excluded_lines": 0}, "missing_lines": [], "excluded_lines": []}}, "classes": {"": {"executed_lines": [1, 44, 45, 46, 47, 48, 49, 50, 52, 53, 54, 56, 57, 58, 59, 60, 61, 71, 72, 81, 82, 84, 90, 91, 124, 127, 128, 137, 144, 145, 147, 148, 153, 154, 155, 157, 161, 162, 163, 170, 173, 174, 177, 180, 181, 182, 184, 192, 195, 196, 217, 218, 219, 220, 229, 232, 233, 254, 257, 258, 259, 261, 269, 270, 313, 315, 318, 319, 320, 323, 324, 325, 326, 378, 379, 389, 390, 417, 418, 419, 425, 426, 481, 483, 484, 489, 490, 496, 497, 500, 501, 507, 508, 509, 512, 517, 520, 521, 525, 526, 527, 533, 538, 539, 540, 548, 550, 551, 552, 554, 555, 556, 559, 560, 565, 566, 569, 570, 573, 580, 584, 597, 598, 639, 640, 641, 642, 643, 645, 646, 647, 655, 658, 659, 694, 697, 700, 701, 702, 705, 710, 713, 738, 739, 741, 744, 747, 748, 802, 804, 805, 807, 809, 810, 812, 813, 815, 817, 818, 819, 830], "summary": {"covered_lines": 160, "num_statements": 227, "percent_covered": 70.48458149779735, "percent_covered_display": "70.48", "missing_lines": 67, "excluded_lines": 0}, "missing_lines": [158, 159, 165, 166, 167, 168, 329, 334, 335, 336, 337, 338, 341, 346, 347, 350, 351, 352, 353, 354, 359, 364, 365, 371, 376, 380, 381, 384, 422, 485, 491, 498, 502, 510, 522, 529, 530, 541, 542, 543, 553, 574, 576, 577, 586, 587, 588, 589, 591, 592, 593, 594, 644, 714, 718, 719, 720, 723, 726, 727, 728, 730, 731, 732, 733, 734, 735], "excluded_lines": []}}}, "src/agent_server/constants.py": {"executed_lines": [1, 5], "summary": {"covered_lines": 2, "num_statements": 2, "percent_covered": 100.0, "percent_covered_display": "100.00", "missing_lines": 0, "excluded_lines": 0}, "missing_lines": [], "excluded_lines": [], "functions": {"": {"executed_lines": [1, 5], "summary": {"covered_lines": 2, "num_statements": 2, "percent_covered": 100.0, "percent_covered_display": "100.00", "missing_lines": 0, "excluded_lines": 0}, "missing_lines": [], "excluded_lines": []}}, "classes": {"": {"executed_lines": [1, 5], "summary": {"covered_lines": 2, "num_statements": 2, "percent_covered": 100.0, "percent_covered_display": "100.00", "missing_lines": 0, "excluded_lines": 0}, "missing_lines": [], "excluded_lines": []}}}, "src/agent_server/core/__init__.py": {"executed_lines": [0], "summary": {"covered_lines": 0, "num_statements": 0, "percent_covered": 100.0, "percent_covered_display": "100.00", "missing_lines": 0, "excluded_lines": 0}, "missing_lines": [], "excluded_lines": [], "functions": {"": {"executed_lines": [], "summary": {"covered_lines": 0, "num_statements": 0, "percent_covered": 100.0, "percent_covered_display": "100.00", "missing_lines": 0, "excluded_lines": 0}, "missing_lines": [], "excluded_lines": []}}, "classes": {"": {"executed_lines": [], "summary": {"covered_lines": 0, "num_statements": 0, "percent_covered": 100.0, "percent_covered_display": "100.00", "missing_lines": 0, "excluded_lines": 0}, "missing_lines": [], "excluded_lines": []}}}, "src/agent_server/core/auth_ctx.py": {"executed_lines": [1, 12, 14, 15, 16, 18, 19, 23, 30, 42, 45, 46, 69, 70, 71, 72, 73, 75, 76, 78, 83, 84, 86], "summary": {"covered_lines": 22, "num_statements": 22, "percent_covered": 100.0, "percent_covered_display": "100.00", "missing_lines": 0, "excluded_lines": 0}, "missing_lines": [], "excluded_lines": [], "functions": {"get_auth_ctx": {"executed_lines": [42], "summary": {"covered_lines": 1, "num_statements": 1, "percent_covered": 100.0, "percent_covered_display": "100.00", "missing_lines": 0, "excluded_lines": 0}, "missing_lines": [], "excluded_lines": []}, "with_auth_ctx": {"executed_lines": [69, 70, 71, 72, 73, 75, 76, 78, 83, 84, 86], "summary": {"covered_lines": 11, "num_statements": 11, "percent_covered": 100.0, "percent_covered_display": "100.00", "missing_lines": 0, "excluded_lines": 0}, "missing_lines": [], "excluded_lines": []}, "": {"executed_lines": [1, 12, 14, 15, 16, 18, 19, 23, 30, 45, 46], "summary": {"covered_lines": 10, "num_statements": 10, "percent_covered": 100.0, "percent_covered_display": "100.00", "missing_lines": 0, "excluded_lines": 0}, "missing_lines": [], "excluded_lines": []}}, "classes": {"": {"executed_lines": [1, 12, 14, 15, 16, 18, 19, 23, 30, 42, 45, 46, 69, 70, 71, 72, 73, 75, 76, 78, 83, 84, 86], "summary": {"covered_lines": 22, "num_statements": 22, "percent_covered": 100.0, "percent_covered_display": "100.00", "missing_lines": 0, "excluded_lines": 0}, "missing_lines": [], "excluded_lines": []}}}, "src/agent_server/core/auth_deps.py": {"executed_lines": [1, 19, 21, 24, 48, 52, 58, 60, 69, 88, 123], "summary": {"covered_lines": 10, "num_statements": 19, "percent_covered": 52.63157894736842, "percent_covered_display": "52.63", "missing_lines": 9, "excluded_lines": 0}, "missing_lines": [50, 54, 85, 113, 114, 115, 118, 120, 140], "excluded_lines": [], "functions": {"get_current_user": {"executed_lines": [48, 52, 58, 60], "summary": {"covered_lines": 4, "num_statements": 6, "percent_covered": 66.66666666666667, "percent_covered_display": "66.67", "missing_lines": 2, "excluded_lines": 0}, "missing_lines": [50, 54], "excluded_lines": []}, "get_user_id": {"executed_lines": [], "summary": {"covered_lines": 0, "num_statements": 1, "percent_covered": 0.0, "percent_covered_display": "0.00", "missing_lines": 1, "excluded_lines": 0}, "missing_lines": [85], "excluded_lines": []}, "require_permission": {"executed_lines": [], "summary": {"covered_lines": 0, "num_statements": 2, "percent_covered": 0.0, "percent_covered_display": "0.00", "missing_lines": 2, "excluded_lines": 0}, "missing_lines": [113, 120], "excluded_lines": []}, "require_permission.permission_dependency": {"executed_lines": [], "summary": {"covered_lines": 0, "num_statements": 3, "percent_covered": 0.0, "percent_covered_display": "0.00", "missing_lines": 3, "excluded_lines": 0}, "missing_lines": [114, 115, 118], "excluded_lines": []}, "require_authenticated": {"executed_lines": [], "summary": {"covered_lines": 0, "num_statements": 1, "percent_covered": 0.0, "percent_covered_display": "0.00", "missing_lines": 1, "excluded_lines": 0}, "missing_lines": [140], "excluded_lines": []}, "": {"executed_lines": [1, 19, 21, 24, 69, 88, 123], "summary": {"covered_lines": 6, "num_statements": 6, "percent_covered": 100.0, "percent_covered_display": "100.00", "missing_lines": 0, "excluded_lines": 0}, "missing_lines": [], "excluded_lines": []}}, "classes": {"": {"executed_lines": [1, 19, 21, 24, 48, 52, 58, 60, 69, 88, 123], "summary": {"covered_lines": 10, "num_statements": 19, "percent_covered": 52.63157894736842, "percent_covered_display": "52.63", "missing_lines": 9, "excluded_lines": 0}, "missing_lines": [50, 54, 85, 113, 114, 115, 118, 120, 140], "excluded_lines": []}}}, "src/agent_server/core/auth_middleware.py": {"executed_lines": [1, 21, 22, 23, 24, 25, 26, 28, 29, 30, 36, 37, 39, 41, 44, 45, 60, 61, 63, 64, 65, 67, 68, 69, 71, 72, 73, 75, 81, 82, 83, 87, 93, 96, 97, 110, 111, 113, 122, 124, 125, 126, 127, 129, 130, 131, 132, 134, 135, 136, 138, 139, 140, 141, 143, 144, 146, 147, 148, 150, 171, 172, 173, 175, 176, 179, 181, 184, 192, 194, 195, 199, 200, 203, 204, 205, 208, 209, 211, 212, 214, 215, 216, 218, 219, 220, 223, 236, 238, 239, 240, 242, 243, 246, 266, 268], "summary": {"covered_lines": 93, "num_statements": 93, "percent_covered": 100.0, "percent_covered_display": "100.00", "missing_lines": 0, "excluded_lines": 0}, "missing_lines": [], "excluded_lines": [], "functions": {"LangGraphUser.__init__": {"executed_lines": [61], "summary": {"covered_lines": 1, "num_statements": 1, "percent_covered": 100.0, "percent_covered_display": "100.00", "missing_lines": 0, "excluded_lines": 0}, "missing_lines": [], "excluded_lines": []}, "LangGraphUser.identity": {"executed_lines": [65], "summary": {"covered_lines": 1, "num_statements": 1, "percent_covered": 100.0, "percent_covered_display": "100.00", "missing_lines": 0, "excluded_lines": 0}, "missing_lines": [], "excluded_lines": []}, "LangGraphUser.is_authenticated": {"executed_lines": [69], "summary": {"covered_lines": 1, "num_statements": 1, "percent_covered": 100.0, "percent_covered_display": "100.00", "missing_lines": 0, "excluded_lines": 0}, "missing_lines": [], "excluded_lines": []}, "LangGraphUser.display_name": {"executed_lines": [73], "summary": {"covered_lines": 1, "num_statements": 1, "percent_covered": 100.0, "percent_covered_display": "100.00", "missing_lines": 0, "excluded_lines": 0}, "missing_lines": [], "excluded_lines": []}, "LangGraphUser.__getattr__": {"executed_lines": [81, 82, 83], "summary": {"covered_lines": 3, "num_statements": 3, "percent_covered": 100.0, "percent_covered_display": "100.00", "missing_lines": 0, "excluded_lines": 0}, "missing_lines": [], "excluded_lines": []}, "LangGraphUser.to_dict": {"executed_lines": [93], "summary": {"covered_lines": 1, "num_statements": 1, "percent_covered": 100.0, "percent_covered_display": "100.00", "missing_lines": 0, "excluded_lines": 0}, "missing_lines": [], "excluded_lines": []}, "LangGraphAuthBackend.__init__": {"executed_lines": [111], "summary": {"covered_lines": 1, "num_statements": 1, "percent_covered": 100.0, "percent_covered_display": "100.00", "missing_lines": 0, "excluded_lines": 0}, "missing_lines": [], "excluded_lines": []}, "LangGraphAuthBackend._load_auth_instance": {"executed_lines": [122, 124, 125, 126, 127, 129, 130, 131, 132, 134, 135, 136, 138, 139, 140, 141, 143, 144, 146, 147, 148], "summary": {"covered_lines": 21, "num_statements": 21, "percent_covered": 100.0, "percent_covered_display": "100.00", "missing_lines": 0, "excluded_lines": 0}, "missing_lines": [], "excluded_lines": []}, "LangGraphAuthBackend.authenticate": {"executed_lines": [171, 172, 173, 175, 176, 179, 181, 184, 192, 194, 195, 199, 200, 203, 204, 205, 208, 209, 211, 212, 214, 215, 216, 218, 219, 220], "summary": {"covered_lines": 26, "num_statements": 26, "percent_covered": 100.0, "percent_covered_display": "100.00", "missing_lines": 0, "excluded_lines": 0}, "missing_lines": [], "excluded_lines": []}, "get_auth_backend": {"executed_lines": [236, 238, 239, 240, 242, 243], "summary": {"covered_lines": 6, "num_statements": 6, "percent_covered": 100.0, "percent_covered_display": "100.00", "missing_lines": 0, "excluded_lines": 0}, "missing_lines": [], "excluded_lines": []}, "on_auth_error": {"executed_lines": [266, 268], "summary": {"covered_lines": 2, "num_statements": 2, "percent_covered": 100.0, "percent_covered_display": "100.00", "missing_lines": 0, "excluded_lines": 0}, "missing_lines": [], "excluded_lines": []}, "": {"executed_lines": [1, 21, 22, 23, 24, 25, 26, 28, 29, 30, 36, 37, 39, 41, 44, 45, 60, 63, 64, 67, 68, 71, 72, 75, 87, 96, 97, 110, 113, 150, 223, 246], "summary": {"covered_lines": 29, "num_statements": 29, "percent_covered": 100.0, "percent_covered_display": "100.00", "missing_lines": 0, "excluded_lines": 0}, "missing_lines": [], "excluded_lines": []}}, "classes": {"LangGraphUser": {"executed_lines": [61, 65, 69, 73, 81, 82, 83, 93], "summary": {"covered_lines": 8, "num_statements": 8, "percent_covered": 100.0, "percent_covered_display": "100.00", "missing_lines": 0, "excluded_lines": 0}, "missing_lines": [], "excluded_lines": []}, "LangGraphAuthBackend": {"executed_lines": [111, 122, 124, 125, 126, 127, 129, 130, 131, 132, 134, 135, 136, 138, 139, 140, 141, 143, 144, 146, 147, 148, 171, 172, 173, 175, 176, 179, 181, 184, 192, 194, 195, 199, 200, 203, 204, 205, 208, 209, 211, 212, 214, 215, 216, 218, 219, 220], "summary": {"covered_lines": 48, "num_statements": 48, "percent_covered": 100.0, "percent_covered_display": "100.00", "missing_lines": 0, "excluded_lines": 0}, "missing_lines": [], "excluded_lines": []}, "": {"executed_lines": [1, 21, 22, 23, 24, 25, 26, 28, 29, 30, 36, 37, 39, 41, 44, 45, 60, 63, 64, 67, 68, 71, 72, 75, 87, 96, 97, 110, 113, 150, 223, 236, 238, 239, 240, 242, 243, 246, 266, 268], "summary": {"covered_lines": 37, "num_statements": 37, "percent_covered": 100.0, "percent_covered_display": "100.00", "missing_lines": 0, "excluded_lines": 0}, "missing_lines": [], "excluded_lines": []}}}, "src/agent_server/core/database.py": {"executed_lines": [1, 8, 9, 11, 12, 13, 16, 17, 32, 33, 34, 35, 36, 37, 38, 42, 74, 96, 127, 151, 170], "summary": {"covered_lines": 19, "num_statements": 53, "percent_covered": 35.84905660377358, "percent_covered_display": "35.85", "missing_lines": 34, "excluded_lines": 0}, "missing_lines": [53, 61, 64, 65, 66, 72, 80, 81, 84, 85, 86, 87, 89, 90, 91, 92, 94, 116, 117, 118, 119, 122, 124, 125, 142, 143, 144, 145, 146, 148, 149, 163, 164, 165], "excluded_lines": [], "functions": {"DatabaseManager.__init__": {"executed_lines": [33, 34, 35, 36, 37, 38], "summary": {"covered_lines": 6, "num_statements": 6, "percent_covered": 100.0, "percent_covered_display": "100.00", "missing_lines": 0, "excluded_lines": 0}, "missing_lines": [], "excluded_lines": []}, "DatabaseManager.initialize": {"executed_lines": [], "summary": {"covered_lines": 0, "num_statements": 6, "percent_covered": 0.0, "percent_covered_display": "0.00", "missing_lines": 6, "excluded_lines": 0}, "missing_lines": [53, 61, 64, 65, 66, 72], "excluded_lines": []}, "DatabaseManager.close": {"executed_lines": [], "summary": {"covered_lines": 0, "num_statements": 11, "percent_covered": 0.0, "percent_covered_display": "0.00", "missing_lines": 11, "excluded_lines": 0}, "missing_lines": [80, 81, 84, 85, 86, 87, 89, 90, 91, 92, 94], "excluded_lines": []}, "DatabaseManager.get_checkpointer": {"executed_lines": [], "summary": {"covered_lines": 0, "num_statements": 7, "percent_covered": 0.0, "percent_covered_display": "0.00", "missing_lines": 7, "excluded_lines": 0}, "missing_lines": [116, 117, 118, 119, 122, 124, 125], "excluded_lines": []}, "DatabaseManager.get_store": {"executed_lines": [], "summary": {"covered_lines": 0, "num_statements": 7, "percent_covered": 0.0, "percent_covered_display": "0.00", "missing_lines": 7, "excluded_lines": 0}, "missing_lines": [142, 143, 144, 145, 146, 148, 149], "excluded_lines": []}, "DatabaseManager.get_engine": {"executed_lines": [], "summary": {"covered_lines": 0, "num_statements": 3, "percent_covered": 0.0, "percent_covered_display": "0.00", "missing_lines": 3, "excluded_lines": 0}, "missing_lines": [163, 164, 165], "excluded_lines": []}, "": {"executed_lines": [1, 8, 9, 11, 12, 13, 16, 17, 32, 42, 74, 96, 127, 151, 170], "summary": {"covered_lines": 13, "num_statements": 13, "percent_covered": 100.0, "percent_covered_display": "100.00", "missing_lines": 0, "excluded_lines": 0}, "missing_lines": [], "excluded_lines": []}}, "classes": {"DatabaseManager": {"executed_lines": [33, 34, 35, 36, 37, 38], "summary": {"covered_lines": 6, "num_statements": 40, "percent_covered": 15.0, "percent_covered_display": "15.00", "missing_lines": 34, "excluded_lines": 0}, "missing_lines": [53, 61, 64, 65, 66, 72, 80, 81, 84, 85, 86, 87, 89, 90, 91, 92, 94, 116, 117, 118, 119, 122, 124, 125, 142, 143, 144, 145, 146, 148, 149, 163, 164, 165], "excluded_lines": []}, "": {"executed_lines": [1, 8, 9, 11, 12, 13, 16, 17, 32, 42, 74, 96, 127, 151, 170], "summary": {"covered_lines": 13, "num_statements": 13, "percent_covered": 100.0, "percent_covered_display": "100.00", "missing_lines": 0, "excluded_lines": 0}, "missing_lines": [], "excluded_lines": []}}}, "src/agent_server/core/health.py": {"executed_lines": [], "summary": {"covered_lines": 0, "num_statements": 74, "percent_covered": 0.0, "percent_covered_display": "0.00", "missing_lines": 74, "excluded_lines": 0}, "missing_lines": [3, 5, 6, 7, 9, 12, 15, 16, 17, 18, 21, 24, 25, 26, 27, 30, 31, 33, 41, 42, 45, 47, 55, 56, 57, 58, 59, 61, 62, 63, 64, 65, 68, 69, 71, 72, 75, 76, 77, 78, 81, 82, 83, 84, 85, 86, 87, 88, 90, 91, 93, 96, 97, 99, 102, 103, 107, 108, 109, 110, 111, 116, 117, 118, 120, 121, 124, 125, 126, 127, 132, 135, 136, 138], "excluded_lines": [], "functions": {"info": {"executed_lines": [], "summary": {"covered_lines": 0, "num_statements": 1, "percent_covered": 0.0, "percent_covered_display": "0.00", "missing_lines": 1, "excluded_lines": 0}, "missing_lines": [33], "excluded_lines": []}, "health_check": {"executed_lines": [], "summary": {"covered_lines": 0, "num_statements": 31, "percent_covered": 0.0, "percent_covered_display": "0.00", "missing_lines": 31, "excluded_lines": 0}, "missing_lines": [45, 47, 55, 56, 57, 58, 59, 61, 62, 63, 64, 65, 68, 69, 71, 72, 75, 76, 77, 78, 81, 82, 83, 84, 85, 86, 87, 88, 90, 91, 93], "excluded_lines": []}, "readiness_check": {"executed_lines": [], "summary": {"covered_lines": 0, "num_statements": 18, "percent_covered": 0.0, "percent_covered_display": "0.00", "missing_lines": 18, "excluded_lines": 0}, "missing_lines": [99, 102, 103, 107, 108, 109, 110, 111, 116, 117, 118, 120, 121, 124, 125, 126, 127, 132], "excluded_lines": []}, "liveness_check": {"executed_lines": [], "summary": {"covered_lines": 0, "num_statements": 1, "percent_covered": 0.0, "percent_covered_display": "0.00", "missing_lines": 1, "excluded_lines": 0}, "missing_lines": [138], "excluded_lines": []}, "": {"executed_lines": [], "summary": {"covered_lines": 0, "num_statements": 23, "percent_covered": 0.0, "percent_covered_display": "0.00", "missing_lines": 23, "excluded_lines": 0}, "missing_lines": [3, 5, 6, 7, 9, 12, 15, 16, 17, 18, 21, 24, 25, 26, 27, 30, 31, 41, 42, 96, 97, 135, 136], "excluded_lines": []}}, "classes": {"HealthResponse": {"executed_lines": [], "summary": {"covered_lines": 0, "num_statements": 0, "percent_covered": 100.0, "percent_covered_display": "100.00", "missing_lines": 0, "excluded_lines": 0}, "missing_lines": [], "excluded_lines": []}, "InfoResponse": {"executed_lines": [], "summary": {"covered_lines": 0, "num_statements": 0, "percent_covered": 100.0, "percent_covered_display": "100.00", "missing_lines": 0, "excluded_lines": 0}, "missing_lines": [], "excluded_lines": []}, "": {"executed_lines": [], "summary": {"covered_lines": 0, "num_statements": 74, "percent_covered": 0.0, "percent_covered_display": "0.00", "missing_lines": 74, "excluded_lines": 0}, "missing_lines": [3, 5, 6, 7, 9, 12, 15, 16, 17, 18, 21, 24, 25, 26, 27, 30, 31, 33, 41, 42, 45, 47, 55, 56, 57, 58, 59, 61, 62, 63, 64, 65, 68, 69, 71, 72, 75, 76, 77, 78, 81, 82, 83, 84, 85, 86, 87, 88, 90, 91, 93, 96, 97, 99, 102, 103, 107, 108, 109, 110, 111, 116, 117, 118, 120, 121, 124, 125, 126, 127, 132, 135, 136, 138], "excluded_lines": []}}}, "src/agent_server/core/orm.py": {"executed_lines": [1, 26, 28, 29, 31, 39, 40, 41, 43, 46, 47, 61, 64, 67, 68, 69, 70, 71, 72, 73, 76, 79, 82, 90, 103, 104, 113, 115, 118, 119, 120, 121, 122, 125, 128, 129, 132, 133, 150, 152, 153, 155, 158, 159, 162, 167, 170, 171, 195, 198, 201, 204, 207, 208, 213, 214, 215, 216, 217, 218, 221, 231, 240, 241, 257, 259, 260, 261, 262, 263, 264, 271, 281, 284, 302], "summary": {"covered_lines": 69, "num_statements": 77, "percent_covered": 89.6103896103896, "percent_covered_display": "89.61", "missing_lines": 8, "excluded_lines": 0}, "missing_lines": [294, 295, 297, 298, 299, 317, 318, 319], "excluded_lines": [], "functions": {"_get_session_maker": {"executed_lines": [], "summary": {"covered_lines": 0, "num_statements": 5, "percent_covered": 0.0, "percent_covered_display": "0.00", "missing_lines": 5, "excluded_lines": 0}, "missing_lines": [294, 295, 297, 298, 299], "excluded_lines": []}, "get_session": {"executed_lines": [], "summary": {"covered_lines": 0, "num_statements": 3, "percent_covered": 0.0, "percent_covered_display": "0.00", "missing_lines": 3, "excluded_lines": 0}, "missing_lines": [317, 318, 319], "excluded_lines": []}, "": {"executed_lines": [1, 26, 28, 29, 31, 39, 40, 41, 43, 46, 47, 61, 64, 67, 68, 69, 70, 71, 72, 73, 76, 79, 82, 90, 103, 104, 113, 115, 118, 119, 120, 121, 122, 125, 128, 129, 132, 133, 150, 152, 153, 155, 158, 159, 162, 167, 170, 171, 195, 198, 201, 204, 207, 208, 213, 214, 215, 216, 217, 218, 221, 231, 240, 241, 257, 259, 260, 261, 262, 263, 264, 271, 281, 284, 302], "summary": {"covered_lines": 69, "num_statements": 69, "percent_covered": 100.0, "percent_covered_display": "100.00", "missing_lines": 0, "excluded_lines": 0}, "missing_lines": [], "excluded_lines": []}}, "classes": {"Assistant": {"executed_lines": [], "summary": {"covered_lines": 0, "num_statements": 0, "percent_covered": 100.0, "percent_covered_display": "100.00", "missing_lines": 0, "excluded_lines": 0}, "missing_lines": [], "excluded_lines": []}, "AssistantVersion": {"executed_lines": [], "summary": {"covered_lines": 0, "num_statements": 0, "percent_covered": 100.0, "percent_covered_display": "100.00", "missing_lines": 0, "excluded_lines": 0}, "missing_lines": [], "excluded_lines": []}, "Thread": {"executed_lines": [], "summary": {"covered_lines": 0, "num_statements": 0, "percent_covered": 100.0, "percent_covered_display": "100.00", "missing_lines": 0, "excluded_lines": 0}, "missing_lines": [], "excluded_lines": []}, "Run": {"executed_lines": [], "summary": {"covered_lines": 0, "num_statements": 0, "percent_covered": 100.0, "percent_covered_display": "100.00", "missing_lines": 0, "excluded_lines": 0}, "missing_lines": [], "excluded_lines": []}, "RunEvent": {"executed_lines": [], "summary": {"covered_lines": 0, "num_statements": 0, "percent_covered": 100.0, "percent_covered_display": "100.00", "missing_lines": 0, "excluded_lines": 0}, "missing_lines": [], "excluded_lines": []}, "": {"executed_lines": [1, 26, 28, 29, 31, 39, 40, 41, 43, 46, 47, 61, 64, 67, 68, 69, 70, 71, 72, 73, 76, 79, 82, 90, 103, 104, 113, 115, 118, 119, 120, 121, 122, 125, 128, 129, 132, 133, 150, 152, 153, 155, 158, 159, 162, 167, 170, 171, 195, 198, 201, 204, 207, 208, 213, 214, 215, 216, 217, 218, 221, 231, 240, 241, 257, 259, 260, 261, 262, 263, 264, 271, 281, 284, 302], "summary": {"covered_lines": 69, "num_statements": 77, "percent_covered": 89.6103896103896, "percent_covered_display": "89.61", "missing_lines": 8, "excluded_lines": 0}, "missing_lines": [294, 295, 297, 298, 299, 317, 318, 319], "excluded_lines": []}}}, "src/agent_server/core/serializers/__init__.py": {"executed_lines": [1, 3, 4, 5, 7], "summary": {"covered_lines": 4, "num_statements": 4, "percent_covered": 100.0, "percent_covered_display": "100.00", "missing_lines": 0, "excluded_lines": 0}, "missing_lines": [], "excluded_lines": [], "functions": {"": {"executed_lines": [1, 3, 4, 5, 7], "summary": {"covered_lines": 4, "num_statements": 4, "percent_covered": 100.0, "percent_covered_display": "100.00", "missing_lines": 0, "excluded_lines": 0}, "missing_lines": [], "excluded_lines": []}}, "classes": {"": {"executed_lines": [1, 3, 4, 5, 7], "summary": {"covered_lines": 4, "num_statements": 4, "percent_covered": 100.0, "percent_covered_display": "100.00", "missing_lines": 0, "excluded_lines": 0}, "missing_lines": [], "excluded_lines": []}}}, "src/agent_server/core/serializers/base.py": {"executed_lines": [1, 3, 4, 7, 8, 10, 11, 16, 17, 19, 22, 23, 24], "summary": {"covered_lines": 8, "num_statements": 8, "percent_covered": 100.0, "percent_covered_display": "100.00", "missing_lines": 0, "excluded_lines": 4}, "missing_lines": [], "excluded_lines": [10, 11, 12, 13], "functions": {"Serializer.serialize": {"executed_lines": [], "summary": {"covered_lines": 0, "num_statements": 0, "percent_covered": 100.0, "percent_covered_display": "100.00", "missing_lines": 0, "excluded_lines": 2}, "missing_lines": [], "excluded_lines": [12, 13]}, "SerializationError.__init__": {"executed_lines": [22, 23, 24], "summary": {"covered_lines": 3, "num_statements": 3, "percent_covered": 100.0, "percent_covered_display": "100.00", "missing_lines": 0, "excluded_lines": 0}, "missing_lines": [], "excluded_lines": []}, "": {"executed_lines": [1, 3, 4, 7, 8, 10, 11, 16, 17, 19], "summary": {"covered_lines": 5, "num_statements": 5, "percent_covered": 100.0, "percent_covered_display": "100.00", "missing_lines": 0, "excluded_lines": 2}, "missing_lines": [], "excluded_lines": [10, 11]}}, "classes": {"Serializer": {"executed_lines": [], "summary": {"covered_lines": 0, "num_statements": 0, "percent_covered": 100.0, "percent_covered_display": "100.00", "missing_lines": 0, "excluded_lines": 2}, "missing_lines": [], "excluded_lines": [12, 13]}, "SerializationError": {"executed_lines": [22, 23, 24], "summary": {"covered_lines": 3, "num_statements": 3, "percent_covered": 100.0, "percent_covered_display": "100.00", "missing_lines": 0, "excluded_lines": 0}, "missing_lines": [], "excluded_lines": []}, "": {"executed_lines": [1, 3, 4, 7, 8, 10, 11, 16, 17, 19], "summary": {"covered_lines": 5, "num_statements": 5, "percent_covered": 100.0, "percent_covered_display": "100.00", "missing_lines": 0, "excluded_lines": 2}, "missing_lines": [], "excluded_lines": [10, 11]}}}, "src/agent_server/core/serializers/general.py": {"executed_lines": [1, 3, 5, 8, 9, 11, 13, 14, 15, 16, 20, 23, 24, 27, 28, 31, 36, 39, 40, 43, 44, 47, 48, 51, 52, 55, 56, 60], "summary": {"covered_lines": 26, "num_statements": 26, "percent_covered": 100.0, "percent_covered_display": "100.00", "missing_lines": 0, "excluded_lines": 0}, "missing_lines": [], "excluded_lines": [], "functions": {"GeneralSerializer.serialize": {"executed_lines": [13, 14, 15, 16], "summary": {"covered_lines": 4, "num_statements": 4, "percent_covered": 100.0, "percent_covered_display": "100.00", "missing_lines": 0, "excluded_lines": 0}, "missing_lines": [], "excluded_lines": []}, "GeneralSerializer._serialize_object": {"executed_lines": [23, 24, 27, 28, 31, 36, 39, 40, 43, 44, 47, 48, 51, 52, 55, 56, 60], "summary": {"covered_lines": 17, "num_statements": 17, "percent_covered": 100.0, "percent_covered_display": "100.00", "missing_lines": 0, "excluded_lines": 0}, "missing_lines": [], "excluded_lines": []}, "": {"executed_lines": [1, 3, 5, 8, 9, 11, 20], "summary": {"covered_lines": 5, "num_statements": 5, "percent_covered": 100.0, "percent_covered_display": "100.00", "missing_lines": 0, "excluded_lines": 0}, "missing_lines": [], "excluded_lines": []}}, "classes": {"GeneralSerializer": {"executed_lines": [13, 14, 15, 16, 23, 24, 27, 28, 31, 36, 39, 40, 43, 44, 47, 48, 51, 52, 55, 56, 60], "summary": {"covered_lines": 21, "num_statements": 21, "percent_covered": 100.0, "percent_covered_display": "100.00", "missing_lines": 0, "excluded_lines": 0}, "missing_lines": [], "excluded_lines": []}, "": {"executed_lines": [1, 3, 5, 8, 9, 11, 20], "summary": {"covered_lines": 5, "num_statements": 5, "percent_covered": 100.0, "percent_covered_display": "100.00", "missing_lines": 0, "excluded_lines": 0}, "missing_lines": [], "excluded_lines": []}}}, "src/agent_server/core/serializers/langgraph.py": {"executed_lines": [1, 3, 4, 5, 7, 8, 10, 13, 14, 16, 17, 19, 21, 23, 25, 26, 28, 39, 40, 42, 45, 46, 47, 49, 53, 54, 55, 60, 62, 63, 71, 73, 75, 76, 78, 79, 80, 81, 82, 83, 87, 89, 91, 93, 94, 95, 96, 97, 98, 104], "summary": {"covered_lines": 48, "num_statements": 53, "percent_covered": 90.56603773584905, "percent_covered_display": "90.57", "missing_lines": 5, "excluded_lines": 0}, "missing_lines": [56, 64, 65, 99, 100], "excluded_lines": [], "functions": {"LangGraphSerializer.__init__": {"executed_lines": [17], "summary": {"covered_lines": 1, "num_statements": 1, "percent_covered": 100.0, "percent_covered_display": "100.00", "missing_lines": 0, "excluded_lines": 0}, "missing_lines": [], "excluded_lines": []}, "LangGraphSerializer.serialize": {"executed_lines": [21], "summary": {"covered_lines": 1, "num_statements": 1, "percent_covered": 100.0, "percent_covered_display": "100.00", "missing_lines": 0, "excluded_lines": 0}, "missing_lines": [], "excluded_lines": []}, "LangGraphSerializer.serialize_task": {"executed_lines": [25, 26, 28, 39, 40, 42, 45, 46, 47, 49, 53, 54, 55], "summary": {"covered_lines": 13, "num_statements": 14, "percent_covered": 92.85714285714286, "percent_covered_display": "92.86", "missing_lines": 1, "excluded_lines": 0}, "missing_lines": [56], "excluded_lines": []}, "LangGraphSerializer.serialize_interrupt": {"executed_lines": [62, 63], "summary": {"covered_lines": 2, "num_statements": 4, "percent_covered": 50.0, "percent_covered_display": "50.00", "missing_lines": 2, "excluded_lines": 0}, "missing_lines": [64, 65], "excluded_lines": []}, "LangGraphSerializer.extract_tasks_from_snapshot": {"executed_lines": [73, 75, 76, 78, 79, 80, 81, 82, 83, 87, 89], "summary": {"covered_lines": 11, "num_statements": 11, "percent_covered": 100.0, "percent_covered_display": "100.00", "missing_lines": 0, "excluded_lines": 0}, "missing_lines": [], "excluded_lines": []}, "LangGraphSerializer.extract_interrupts_from_snapshot": {"executed_lines": [93, 94, 95, 96, 97, 98, 104], "summary": {"covered_lines": 7, "num_statements": 9, "percent_covered": 77.77777777777777, "percent_covered_display": "77.78", "missing_lines": 2, "excluded_lines": 0}, "missing_lines": [99, 100], "excluded_lines": []}, "": {"executed_lines": [1, 3, 4, 5, 7, 8, 10, 13, 14, 16, 19, 23, 60, 71, 91], "summary": {"covered_lines": 13, "num_statements": 13, "percent_covered": 100.0, "percent_covered_display": "100.00", "missing_lines": 0, "excluded_lines": 0}, "missing_lines": [], "excluded_lines": []}}, "classes": {"LangGraphSerializer": {"executed_lines": [17, 21, 25, 26, 28, 39, 40, 42, 45, 46, 47, 49, 53, 54, 55, 62, 63, 73, 75, 76, 78, 79, 80, 81, 82, 83, 87, 89, 93, 94, 95, 96, 97, 98, 104], "summary": {"covered_lines": 35, "num_statements": 40, "percent_covered": 87.5, "percent_covered_display": "87.50", "missing_lines": 5, "excluded_lines": 0}, "missing_lines": [56, 64, 65, 99, 100], "excluded_lines": []}, "": {"executed_lines": [1, 3, 4, 5, 7, 8, 10, 13, 14, 16, 19, 23, 60, 71, 91], "summary": {"covered_lines": 13, "num_statements": 13, "percent_covered": 100.0, "percent_covered_display": "100.00", "missing_lines": 0, "excluded_lines": 0}, "missing_lines": [], "excluded_lines": []}}}, "src/agent_server/core/sse.py": {"executed_lines": [1, 3, 4, 5, 6, 7, 10, 13, 16, 18, 27, 41, 43, 46, 47, 50, 51, 53, 55, 56, 58, 60, 63, 67, 68, 71, 73, 76, 80, 83, 87, 88, 91, 92, 93, 94, 95, 96, 103, 104, 105, 106, 107, 108, 113, 114, 116, 119, 121, 124, 126, 127, 130, 132, 135, 137, 140, 142, 145, 147, 150, 154, 157, 161, 164, 168, 171, 176, 177, 179, 180, 183, 187, 188, 189, 191, 192, 193, 194, 196, 197, 198, 200, 202, 203, 206, 208, 209, 213, 215, 227, 231, 242, 244, 256, 258, 269, 271], "summary": {"covered_lines": 96, "num_statements": 96, "percent_covered": 100.0, "percent_covered_display": "100.00", "missing_lines": 0, "excluded_lines": 0}, "missing_lines": [], "excluded_lines": [], "functions": {"get_sse_headers": {"executed_lines": [18], "summary": {"covered_lines": 1, "num_statements": 1, "percent_covered": 100.0, "percent_covered_display": "100.00", "missing_lines": 0, "excluded_lines": 0}, "missing_lines": [], "excluded_lines": []}, "format_sse_message": {"executed_lines": [41, 43, 46, 47, 50, 51, 53, 55, 56, 58, 60], "summary": {"covered_lines": 11, "num_statements": 11, "percent_covered": 100.0, "percent_covered_display": "100.00", "missing_lines": 0, "excluded_lines": 0}, "missing_lines": [], "excluded_lines": []}, "create_metadata_event": {"executed_lines": [67, 68], "summary": {"covered_lines": 2, "num_statements": 2, "percent_covered": 100.0, "percent_covered_display": "100.00", "missing_lines": 0, "excluded_lines": 0}, "missing_lines": [], "excluded_lines": []}, "create_values_event": {"executed_lines": [73], "summary": {"covered_lines": 1, "num_statements": 1, "percent_covered": 100.0, "percent_covered_display": "100.00", "missing_lines": 0, "excluded_lines": 0}, "missing_lines": [], "excluded_lines": []}, "create_updates_event": {"executed_lines": [80], "summary": {"covered_lines": 1, "num_statements": 1, "percent_covered": 100.0, "percent_covered_display": "100.00", "missing_lines": 0, "excluded_lines": 0}, "missing_lines": [], "excluded_lines": []}, "create_debug_event": {"executed_lines": [87, 88, 91, 92, 93, 94, 95, 96, 103, 104, 105, 106, 107, 108, 113, 114, 116], "summary": {"covered_lines": 17, "num_statements": 17, "percent_covered": 100.0, "percent_covered_display": "100.00", "missing_lines": 0, "excluded_lines": 0}, "missing_lines": [], "excluded_lines": []}, "create_end_event": {"executed_lines": [121], "summary": {"covered_lines": 1, "num_statements": 1, "percent_covered": 100.0, "percent_covered_display": "100.00", "missing_lines": 0, "excluded_lines": 0}, "missing_lines": [], "excluded_lines": []}, "create_error_event": {"executed_lines": [126, 127], "summary": {"covered_lines": 2, "num_statements": 2, "percent_covered": 100.0, "percent_covered_display": "100.00", "missing_lines": 0, "excluded_lines": 0}, "missing_lines": [], "excluded_lines": []}, "create_events_event": {"executed_lines": [132], "summary": {"covered_lines": 1, "num_statements": 1, "percent_covered": 100.0, "percent_covered_display": "100.00", "missing_lines": 0, "excluded_lines": 0}, "missing_lines": [], "excluded_lines": []}, "create_state_event": {"executed_lines": [137], "summary": {"covered_lines": 1, "num_statements": 1, "percent_covered": 100.0, "percent_covered_display": "100.00", "missing_lines": 0, "excluded_lines": 0}, "missing_lines": [], "excluded_lines": []}, "create_logs_event": {"executed_lines": [142], "summary": {"covered_lines": 1, "num_statements": 1, "percent_covered": 100.0, "percent_covered_display": "100.00", "missing_lines": 0, "excluded_lines": 0}, "missing_lines": [], "excluded_lines": []}, "create_tasks_event": {"executed_lines": [147], "summary": {"covered_lines": 1, "num_statements": 1, "percent_covered": 100.0, "percent_covered_display": "100.00", "missing_lines": 0, "excluded_lines": 0}, "missing_lines": [], "excluded_lines": []}, "create_subgraphs_event": {"executed_lines": [154], "summary": {"covered_lines": 1, "num_statements": 1, "percent_covered": 100.0, "percent_covered_display": "100.00", "missing_lines": 0, "excluded_lines": 0}, "missing_lines": [], "excluded_lines": []}, "create_checkpoints_event": {"executed_lines": [161], "summary": {"covered_lines": 1, "num_statements": 1, "percent_covered": 100.0, "percent_covered_display": "100.00", "missing_lines": 0, "excluded_lines": 0}, "missing_lines": [], "excluded_lines": []}, "create_custom_event": {"executed_lines": [168], "summary": {"covered_lines": 1, "num_statements": 1, "percent_covered": 100.0, "percent_covered_display": "100.00", "missing_lines": 0, "excluded_lines": 0}, "missing_lines": [], "excluded_lines": []}, "create_messages_event": {"executed_lines": [176, 177, 179, 180, 183], "summary": {"covered_lines": 5, "num_statements": 5, "percent_covered": 100.0, "percent_covered_display": "100.00", "missing_lines": 0, "excluded_lines": 0}, "missing_lines": [], "excluded_lines": []}, "SSEEvent.__post_init__": {"executed_lines": [197, 198], "summary": {"covered_lines": 2, "num_statements": 2, "percent_covered": 100.0, "percent_covered_display": "100.00", "missing_lines": 0, "excluded_lines": 0}, "missing_lines": [], "excluded_lines": []}, "SSEEvent.format": {"executed_lines": [202, 203], "summary": {"covered_lines": 2, "num_statements": 2, "percent_covered": 100.0, "percent_covered_display": "100.00", "missing_lines": 0, "excluded_lines": 0}, "missing_lines": [], "excluded_lines": []}, "format_sse_event": {"executed_lines": [208, 209], "summary": {"covered_lines": 2, "num_statements": 2, "percent_covered": 100.0, "percent_covered_display": "100.00", "missing_lines": 0, "excluded_lines": 0}, "missing_lines": [], "excluded_lines": []}, "create_start_event": {"executed_lines": [215], "summary": {"covered_lines": 1, "num_statements": 1, "percent_covered": 100.0, "percent_covered_display": "100.00", "missing_lines": 0, "excluded_lines": 0}, "missing_lines": [], "excluded_lines": []}, "create_chunk_event": {"executed_lines": [231], "summary": {"covered_lines": 1, "num_statements": 1, "percent_covered": 100.0, "percent_covered_display": "100.00", "missing_lines": 0, "excluded_lines": 0}, "missing_lines": [], "excluded_lines": []}, "create_complete_event": {"executed_lines": [244], "summary": {"covered_lines": 1, "num_statements": 1, "percent_covered": 100.0, "percent_covered_display": "100.00", "missing_lines": 0, "excluded_lines": 0}, "missing_lines": [], "excluded_lines": []}, "create_cancelled_event": {"executed_lines": [258], "summary": {"covered_lines": 1, "num_statements": 1, "percent_covered": 100.0, "percent_covered_display": "100.00", "missing_lines": 0, "excluded_lines": 0}, "missing_lines": [], "excluded_lines": []}, "create_interrupted_event": {"executed_lines": [271], "summary": {"covered_lines": 1, "num_statements": 1, "percent_covered": 100.0, "percent_covered_display": "100.00", "missing_lines": 0, "excluded_lines": 0}, "missing_lines": [], "excluded_lines": []}, "": {"executed_lines": [1, 3, 4, 5, 6, 7, 10, 13, 16, 27, 63, 71, 76, 83, 119, 124, 130, 135, 140, 145, 150, 157, 164, 171, 187, 188, 189, 191, 192, 193, 194, 196, 200, 206, 213, 227, 242, 256, 269], "summary": {"covered_lines": 37, "num_statements": 37, "percent_covered": 100.0, "percent_covered_display": "100.00", "missing_lines": 0, "excluded_lines": 0}, "missing_lines": [], "excluded_lines": []}}, "classes": {"SSEEvent": {"executed_lines": [197, 198, 202, 203], "summary": {"covered_lines": 4, "num_statements": 4, "percent_covered": 100.0, "percent_covered_display": "100.00", "missing_lines": 0, "excluded_lines": 0}, "missing_lines": [], "excluded_lines": []}, "": {"executed_lines": [1, 3, 4, 5, 6, 7, 10, 13, 16, 18, 27, 41, 43, 46, 47, 50, 51, 53, 55, 56, 58, 60, 63, 67, 68, 71, 73, 76, 80, 83, 87, 88, 91, 92, 93, 94, 95, 96, 103, 104, 105, 106, 107, 108, 113, 114, 116, 119, 121, 124, 126, 127, 130, 132, 135, 137, 140, 142, 145, 147, 150, 154, 157, 161, 164, 168, 171, 176, 177, 179, 180, 183, 187, 188, 189, 191, 192, 193, 194, 196, 200, 206, 208, 209, 213, 215, 227, 231, 242, 244, 256, 258, 269, 271], "summary": {"covered_lines": 92, "num_statements": 92, "percent_covered": 100.0, "percent_covered_display": "100.00", "missing_lines": 0, "excluded_lines": 0}, "missing_lines": [], "excluded_lines": []}}}, "src/agent_server/main.py": {"executed_lines": [], "summary": {"covered_lines": 0, "num_statements": 60, "percent_covered": 0.0, "percent_covered_display": "0.00", "missing_lines": 60, "excluded_lines": 5}, "missing_lines": [42, 43, 44, 45, 46, 47, 49, 53, 58, 59, 60, 61, 64, 66, 67, 68, 69, 71, 72, 73, 74, 75, 76, 77, 78, 79, 87, 89, 92, 93, 143, 147, 149, 150, 154, 156, 158, 166, 167, 168, 171, 174, 180, 198, 208, 213, 223, 227, 231, 235, 239, 247, 248, 282, 292, 293, 320, 335, 336, 354], "excluded_lines": [360, 361, 363, 366, 371], "functions": {"lifespan": {"executed_lines": [], "summary": {"covered_lines": 0, "num_statements": 12, "percent_covered": 0.0, "percent_covered_display": "0.00", "missing_lines": 12, "excluded_lines": 0}, "missing_lines": [143, 147, 149, 150, 154, 156, 158, 166, 167, 168, 171, 174], "excluded_lines": []}, "agent_protocol_exception_handler": {"executed_lines": [], "summary": {"covered_lines": 0, "num_statements": 1, "percent_covered": 0.0, "percent_covered_display": "0.00", "missing_lines": 1, "excluded_lines": 0}, "missing_lines": [282], "excluded_lines": []}, "general_exception_handler": {"executed_lines": [], "summary": {"covered_lines": 0, "num_statements": 1, "percent_covered": 0.0, "percent_covered_display": "0.00", "missing_lines": 1, "excluded_lines": 0}, "missing_lines": [320], "excluded_lines": []}, "root": {"executed_lines": [], "summary": {"covered_lines": 0, "num_statements": 1, "percent_covered": 0.0, "percent_covered_display": "0.00", "missing_lines": 1, "excluded_lines": 0}, "missing_lines": [354], "excluded_lines": []}, "": {"executed_lines": [], "summary": {"covered_lines": 0, "num_statements": 45, "percent_covered": 0.0, "percent_covered_display": "0.00", "missing_lines": 45, "excluded_lines": 5}, "missing_lines": [42, 43, 44, 45, 46, 47, 49, 53, 58, 59, 60, 61, 64, 66, 67, 68, 69, 71, 72, 73, 74, 75, 76, 77, 78, 79, 87, 89, 92, 93, 180, 198, 208, 213, 223, 227, 231, 235, 239, 247, 248, 292, 293, 335, 336], "excluded_lines": [360, 361, 363, 366, 371]}}, "classes": {"": {"executed_lines": [], "summary": {"covered_lines": 0, "num_statements": 60, "percent_covered": 0.0, "percent_covered_display": "0.00", "missing_lines": 60, "excluded_lines": 5}, "missing_lines": [42, 43, 44, 45, 46, 47, 49, 53, 58, 59, 60, 61, 64, 66, 67, 68, 69, 71, 72, 73, 74, 75, 76, 77, 78, 79, 87, 89, 92, 93, 143, 147, 149, 150, 154, 156, 158, 166, 167, 168, 171, 174, 180, 198, 208, 213, 223, 227, 231, 235, 239, 247, 248, 282, 292, 293, 320, 335, 336, 354], "excluded_lines": [360, 361, 363, 366, 371]}}}, "src/agent_server/middleware/__init__.py": {"executed_lines": [1, 3], "summary": {"covered_lines": 2, "num_statements": 2, "percent_covered": 100.0, "percent_covered_display": "100.00", "missing_lines": 0, "excluded_lines": 0}, "missing_lines": [], "excluded_lines": [], "functions": {"": {"executed_lines": [1, 3], "summary": {"covered_lines": 2, "num_statements": 2, "percent_covered": 100.0, "percent_covered_display": "100.00", "missing_lines": 0, "excluded_lines": 0}, "missing_lines": [], "excluded_lines": []}}, "classes": {"": {"executed_lines": [1, 3], "summary": {"covered_lines": 2, "num_statements": 2, "percent_covered": 100.0, "percent_covered_display": "100.00", "missing_lines": 0, "excluded_lines": 0}, "missing_lines": [], "excluded_lines": []}}}, "src/agent_server/middleware/double_encoded_json.py": {"executed_lines": [1, 2, 4, 6, 9, 10, 17, 18, 20, 21, 22, 23, 25, 26, 27, 29, 30, 32, 77, 79], "summary": {"covered_lines": 19, "num_statements": 42, "percent_covered": 45.23809523809524, "percent_covered_display": "45.24", "missing_lines": 23, "excluded_lines": 0}, "missing_lines": [33, 34, 35, 37, 38, 40, 41, 42, 43, 45, 46, 48, 50, 54, 55, 56, 57, 58, 61, 63, 68, 73, 75], "excluded_lines": [], "functions": {"DoubleEncodedJSONMiddleware.__init__": {"executed_lines": [18], "summary": {"covered_lines": 1, "num_statements": 1, "percent_covered": 100.0, "percent_covered_display": "100.00", "missing_lines": 0, "excluded_lines": 0}, "missing_lines": [], "excluded_lines": []}, "DoubleEncodedJSONMiddleware.__call__": {"executed_lines": [21, 22, 23, 25, 26, 27, 29, 30, 32, 77, 79], "summary": {"covered_lines": 11, "num_statements": 11, "percent_covered": 100.0, "percent_covered_display": "100.00", "missing_lines": 0, "excluded_lines": 0}, "missing_lines": [], "excluded_lines": []}, "DoubleEncodedJSONMiddleware.__call__.receive_wrapper": {"executed_lines": [], "summary": {"covered_lines": 0, "num_statements": 23, "percent_covered": 0.0, "percent_covered_display": "0.00", "missing_lines": 23, "excluded_lines": 0}, "missing_lines": [33, 34, 35, 37, 38, 40, 41, 42, 43, 45, 46, 48, 50, 54, 55, 56, 57, 58, 61, 63, 68, 73, 75], "excluded_lines": []}, "": {"executed_lines": [1, 2, 4, 6, 9, 10, 17, 20], "summary": {"covered_lines": 7, "num_statements": 7, "percent_covered": 100.0, "percent_covered_display": "100.00", "missing_lines": 0, "excluded_lines": 0}, "missing_lines": [], "excluded_lines": []}}, "classes": {"DoubleEncodedJSONMiddleware": {"executed_lines": [18, 21, 22, 23, 25, 26, 27, 29, 30, 32, 77, 79], "summary": {"covered_lines": 12, "num_statements": 35, "percent_covered": 34.285714285714285, "percent_covered_display": "34.29", "missing_lines": 23, "excluded_lines": 0}, "missing_lines": [33, 34, 35, 37, 38, 40, 41, 42, 43, 45, 46, 48, 50, 54, 55, 56, 57, 58, 61, 63, 68, 73, 75], "excluded_lines": []}, "": {"executed_lines": [1, 2, 4, 6, 9, 10, 17, 20], "summary": {"covered_lines": 7, "num_statements": 7, "percent_covered": 100.0, "percent_covered_display": "100.00", "missing_lines": 0, "excluded_lines": 0}, "missing_lines": [], "excluded_lines": []}}}, "src/agent_server/models/__init__.py": {"executed_lines": [1, 3, 11, 12, 13, 14, 22, 34], "summary": {"covered_lines": 7, "num_statements": 7, "percent_covered": 100.0, "percent_covered_display": "100.00", "missing_lines": 0, "excluded_lines": 0}, "missing_lines": [], "excluded_lines": [], "functions": {"": {"executed_lines": [1, 3, 11, 12, 13, 14, 22, 34], "summary": {"covered_lines": 7, "num_statements": 7, "percent_covered": 100.0, "percent_covered_display": "100.00", "missing_lines": 0, "excluded_lines": 0}, "missing_lines": [], "excluded_lines": []}}, "classes": {"": {"executed_lines": [1, 3, 11, 12, 13, 14, 22, 34], "summary": {"covered_lines": 7, "num_statements": 7, "percent_covered": 100.0, "percent_covered_display": "100.00", "missing_lines": 0, "excluded_lines": 0}, "missing_lines": [], "excluded_lines": []}}}, "src/agent_server/models/assistants.py": {"executed_lines": [1, 27, 28, 30, 33, 34, 48, 53, 59, 62, 65, 68, 71, 76, 81, 82, 99, 102, 105, 108, 111, 114, 117, 120, 123, 126, 129, 131, 132, 135, 136, 152, 157, 162, 167, 170, 176, 181, 182, 197, 200, 203, 204, 229, 232, 235, 238, 241, 244, 249, 250, 293, 298, 303, 306], "summary": {"covered_lines": 48, "num_statements": 48, "percent_covered": 100.0, "percent_covered_display": "100.00", "missing_lines": 0, "excluded_lines": 0}, "missing_lines": [], "excluded_lines": [], "functions": {"": {"executed_lines": [1, 27, 28, 30, 33, 34, 48, 53, 59, 62, 65, 68, 71, 76, 81, 82, 99, 102, 105, 108, 111, 114, 117, 120, 123, 126, 129, 131, 132, 135, 136, 152, 157, 162, 167, 170, 176, 181, 182, 197, 200, 203, 204, 229, 232, 235, 238, 241, 244, 249, 250, 293, 298, 303, 306], "summary": {"covered_lines": 48, "num_statements": 48, "percent_covered": 100.0, "percent_covered_display": "100.00", "missing_lines": 0, "excluded_lines": 0}, "missing_lines": [], "excluded_lines": []}}, "classes": {"AssistantCreate": {"executed_lines": [], "summary": {"covered_lines": 0, "num_statements": 0, "percent_covered": 100.0, "percent_covered_display": "100.00", "missing_lines": 0, "excluded_lines": 0}, "missing_lines": [], "excluded_lines": []}, "Assistant": {"executed_lines": [], "summary": {"covered_lines": 0, "num_statements": 0, "percent_covered": 100.0, "percent_covered_display": "100.00", "missing_lines": 0, "excluded_lines": 0}, "missing_lines": [], "excluded_lines": []}, "Assistant.Config": {"executed_lines": [], "summary": {"covered_lines": 0, "num_statements": 0, "percent_covered": 100.0, "percent_covered_display": "100.00", "missing_lines": 0, "excluded_lines": 0}, "missing_lines": [], "excluded_lines": []}, "AssistantUpdate": {"executed_lines": [], "summary": {"covered_lines": 0, "num_statements": 0, "percent_covered": 100.0, "percent_covered_display": "100.00", "missing_lines": 0, "excluded_lines": 0}, "missing_lines": [], "excluded_lines": []}, "AssistantList": {"executed_lines": [], "summary": {"covered_lines": 0, "num_statements": 0, "percent_covered": 100.0, "percent_covered_display": "100.00", "missing_lines": 0, "excluded_lines": 0}, "missing_lines": [], "excluded_lines": []}, "AssistantSearchRequest": {"executed_lines": [], "summary": {"covered_lines": 0, "num_statements": 0, "percent_covered": 100.0, "percent_covered_display": "100.00", "missing_lines": 0, "excluded_lines": 0}, "missing_lines": [], "excluded_lines": []}, "AgentSchemas": {"executed_lines": [], "summary": {"covered_lines": 0, "num_statements": 0, "percent_covered": 100.0, "percent_covered_display": "100.00", "missing_lines": 0, "excluded_lines": 0}, "missing_lines": [], "excluded_lines": []}, "": {"executed_lines": [1, 27, 28, 30, 33, 34, 48, 53, 59, 62, 65, 68, 71, 76, 81, 82, 99, 102, 105, 108, 111, 114, 117, 120, 123, 126, 129, 131, 132, 135, 136, 152, 157, 162, 167, 170, 176, 181, 182, 197, 200, 203, 204, 229, 232, 235, 238, 241, 244, 249, 250, 293, 298, 303, 306], "summary": {"covered_lines": 48, "num_statements": 48, "percent_covered": 100.0, "percent_covered_display": "100.00", "missing_lines": 0, "excluded_lines": 0}, "missing_lines": [], "excluded_lines": []}}}, "src/agent_server/models/auth.py": {"executed_lines": [1, 27, 30, 31, 46, 47, 48, 49, 50, 53, 54, 65, 66, 68, 69, 72, 73, 101, 102, 103, 104, 105, 106], "summary": {"covered_lines": 19, "num_statements": 19, "percent_covered": 100.0, "percent_covered_display": "100.00", "missing_lines": 0, "excluded_lines": 0}, "missing_lines": [], "excluded_lines": [], "functions": {"": {"executed_lines": [1, 27, 30, 31, 46, 47, 48, 49, 50, 53, 54, 65, 66, 68, 69, 72, 73, 101, 102, 103, 104, 105, 106], "summary": {"covered_lines": 19, "num_statements": 19, "percent_covered": 100.0, "percent_covered_display": "100.00", "missing_lines": 0, "excluded_lines": 0}, "missing_lines": [], "excluded_lines": []}}, "classes": {"User": {"executed_lines": [], "summary": {"covered_lines": 0, "num_statements": 0, "percent_covered": 100.0, "percent_covered_display": "100.00", "missing_lines": 0, "excluded_lines": 0}, "missing_lines": [], "excluded_lines": []}, "AuthContext": {"executed_lines": [], "summary": {"covered_lines": 0, "num_statements": 0, "percent_covered": 100.0, "percent_covered_display": "100.00", "missing_lines": 0, "excluded_lines": 0}, "missing_lines": [], "excluded_lines": []}, "AuthContext.Config": {"executed_lines": [], "summary": {"covered_lines": 0, "num_statements": 0, "percent_covered": 100.0, "percent_covered_display": "100.00", "missing_lines": 0, "excluded_lines": 0}, "missing_lines": [], "excluded_lines": []}, "TokenPayload": {"executed_lines": [], "summary": {"covered_lines": 0, "num_statements": 0, "percent_covered": 100.0, "percent_covered_display": "100.00", "missing_lines": 0, "excluded_lines": 0}, "missing_lines": [], "excluded_lines": []}, "": {"executed_lines": [1, 27, 30, 31, 46, 47, 48, 49, 50, 53, 54, 65, 66, 68, 69, 72, 73, 101, 102, 103, 104, 105, 106], "summary": {"covered_lines": 19, "num_statements": 19, "percent_covered": 100.0, "percent_covered_display": "100.00", "missing_lines": 0, "excluded_lines": 0}, "missing_lines": [], "excluded_lines": []}}}, "src/agent_server/models/errors.py": {"executed_lines": [1, 24, 26, 29, 30, 58, 59, 60, 65], "summary": {"covered_lines": 7, "num_statements": 9, "percent_covered": 77.77777777777777, "percent_covered_display": "77.78", "missing_lines": 2, "excluded_lines": 0}, "missing_lines": [103, 114], "excluded_lines": [], "functions": {"get_error_type": {"executed_lines": [], "summary": {"covered_lines": 0, "num_statements": 2, "percent_covered": 0.0, "percent_covered_display": "0.00", "missing_lines": 2, "excluded_lines": 0}, "missing_lines": [103, 114], "excluded_lines": []}, "": {"executed_lines": [1, 24, 26, 29, 30, 58, 59, 60, 65], "summary": {"covered_lines": 7, "num_statements": 7, "percent_covered": 100.0, "percent_covered_display": "100.00", "missing_lines": 0, "excluded_lines": 0}, "missing_lines": [], "excluded_lines": []}}, "classes": {"AgentProtocolError": {"executed_lines": [], "summary": {"covered_lines": 0, "num_statements": 0, "percent_covered": 100.0, "percent_covered_display": "100.00", "missing_lines": 0, "excluded_lines": 0}, "missing_lines": [], "excluded_lines": []}, "": {"executed_lines": [1, 24, 26, 29, 30, 58, 59, 60, 65], "summary": {"covered_lines": 7, "num_statements": 9, "percent_covered": 77.77777777777777, "percent_covered_display": "77.78", "missing_lines": 2, "excluded_lines": 0}, "missing_lines": [103, 114], "excluded_lines": []}}}, "src/agent_server/models/runs.py": {"executed_lines": [1, 33, 34, 36, 39, 40, 59, 65, 71, 76, 81, 87, 92, 98, 104, 112, 117, 122, 130, 135, 136, 156, 164, 165, 166, 169, 170, 208, 209, 210, 213, 216, 217, 218, 221, 222, 225, 226, 227, 229, 231, 234, 235, 254, 255, 256], "summary": {"covered_lines": 42, "num_statements": 45, "percent_covered": 93.33333333333333, "percent_covered_display": "93.33", "missing_lines": 3, "excluded_lines": 0}, "missing_lines": [158, 159, 161], "excluded_lines": [], "functions": {"RunCreate.validate_input_command_exclusivity": {"executed_lines": [156, 164, 165, 166], "summary": {"covered_lines": 4, "num_statements": 7, "percent_covered": 57.142857142857146, "percent_covered_display": "57.14", "missing_lines": 3, "excluded_lines": 0}, "missing_lines": [158, 159, 161], "excluded_lines": []}, "": {"executed_lines": [1, 33, 34, 36, 39, 40, 59, 65, 71, 76, 81, 87, 92, 98, 104, 112, 117, 122, 130, 135, 136, 169, 170, 208, 209, 210, 213, 216, 217, 218, 221, 222, 225, 226, 227, 229, 231, 234, 235, 254, 255, 256], "summary": {"covered_lines": 38, "num_statements": 38, "percent_covered": 100.0, "percent_covered_display": "100.00", "missing_lines": 0, "excluded_lines": 0}, "missing_lines": [], "excluded_lines": []}}, "classes": {"RunCreate": {"executed_lines": [156, 164, 165, 166], "summary": {"covered_lines": 4, "num_statements": 7, "percent_covered": 57.142857142857146, "percent_covered_display": "57.14", "missing_lines": 3, "excluded_lines": 0}, "missing_lines": [158, 159, 161], "excluded_lines": []}, "Run": {"executed_lines": [], "summary": {"covered_lines": 0, "num_statements": 0, "percent_covered": 100.0, "percent_covered_display": "100.00", "missing_lines": 0, "excluded_lines": 0}, "missing_lines": [], "excluded_lines": []}, "Run.Config": {"executed_lines": [], "summary": {"covered_lines": 0, "num_statements": 0, "percent_covered": 100.0, "percent_covered_display": "100.00", "missing_lines": 0, "excluded_lines": 0}, "missing_lines": [], "excluded_lines": []}, "RunStatus": {"executed_lines": [], "summary": {"covered_lines": 0, "num_statements": 0, "percent_covered": 100.0, "percent_covered_display": "100.00", "missing_lines": 0, "excluded_lines": 0}, "missing_lines": [], "excluded_lines": []}, "": {"executed_lines": [1, 33, 34, 36, 39, 40, 59, 65, 71, 76, 81, 87, 92, 98, 104, 112, 117, 122, 130, 135, 136, 169, 170, 208, 209, 210, 213, 216, 217, 218, 221, 222, 225, 226, 227, 229, 231, 234, 235, 254, 255, 256], "summary": {"covered_lines": 38, "num_statements": 38, "percent_covered": 100.0, "percent_covered_display": "100.00", "missing_lines": 0, "excluded_lines": 0}, "missing_lines": [], "excluded_lines": []}}}, "src/agent_server/models/store.py": {"executed_lines": [1, 35, 37, 40, 41, 54, 58, 59, 62, 63, 75, 76, 77, 80, 81, 108, 112, 115, 118, 123, 124, 137, 138, 139, 142, 143, 165, 166, 167, 168, 171, 172, 184, 185], "summary": {"covered_lines": 27, "num_statements": 27, "percent_covered": 100.0, "percent_covered_display": "100.00", "missing_lines": 0, "excluded_lines": 0}, "missing_lines": [], "excluded_lines": [], "functions": {"": {"executed_lines": [1, 35, 37, 40, 41, 54, 58, 59, 62, 63, 75, 76, 77, 80, 81, 108, 112, 115, 118, 123, 124, 137, 138, 139, 142, 143, 165, 166, 167, 168, 171, 172, 184, 185], "s
[...]
cluded_lines": 0}, "missing_lines": [142], "excluded_lines": []}, "LangGraphService._ensure_default_assistants": {"executed_lines": [], "summary": {"covered_lines": 0, "num_statements": 15, "percent_covered": 0.0, "percent_covered_display": "0.00", "missing_lines": 15, "excluded_lines": 0}, "missing_lines": [172, 174, 175, 178, 179, 180, 181, 182, 184, 185, 190, 192, 194, 204, 206], "excluded_lines": []}, "LangGraphService.get_graph": {"executed_lines": [242, 243, 246, 247, 249, 252, 255, 257, 259, 260, 261, 262, 268, 269, 270, 271, 282, 284], "summary": {"covered_lines": 18, "num_statements": 21, "percent_covered": 85.71428571428571, "percent_covered_display": "85.71", "missing_lines": 3, "excluded_lines": 0}, "missing_lines": [274, 276, 279], "excluded_lines": []}, "LangGraphService._load_graph_from_file": {"executed_lines": [316, 317, 318, 321, 324, 325, 327, 328, 331, 332, 333, 335, 339], "summary": {"covered_lines": 13, "num_statements": 13, "percent_covered": 100.0, "percent_covered_display": "100.00", "missing_lines": 0, "excluded_lines": 0}, "missing_lines": [], "excluded_lines": []}, "LangGraphService.list_graphs": {"executed_lines": [348], "summary": {"covered_lines": 1, "num_statements": 1, "percent_covered": 100.0, "percent_covered_display": "100.00", "missing_lines": 0, "excluded_lines": 0}, "missing_lines": [], "excluded_lines": []}, "LangGraphService.invalidate_cache": {"executed_lines": [367, 368, 370], "summary": {"covered_lines": 3, "num_statements": 3, "percent_covered": 100.0, "percent_covered_display": "100.00", "missing_lines": 0, "excluded_lines": 0}, "missing_lines": [], "excluded_lines": []}, "LangGraphService.get_config": {"executed_lines": [378], "summary": {"covered_lines": 1, "num_statements": 1, "percent_covered": 100.0, "percent_covered_display": "100.00", "missing_lines": 0, "excluded_lines": 0}, "missing_lines": [], "excluded_lines": []}, "LangGraphService.get_dependencies": {"executed_lines": [386, 387, 388], "summary": {"covered_lines": 3, "num_statements": 3, "percent_covered": 100.0, "percent_covered_display": "100.00", "missing_lines": 0, "excluded_lines": 0}, "missing_lines": [], "excluded_lines": []}, "get_langgraph_service": {"executed_lines": [405, 406, 407], "summary": {"covered_lines": 3, "num_statements": 3, "percent_covered": 100.0, "percent_covered_display": "100.00", "missing_lines": 0, "excluded_lines": 0}, "missing_lines": [], "excluded_lines": []}, "inject_user_context": {"executed_lines": [438, 439, 442, 444, 445, 450, 451, 452, 453, 455, 459], "summary": {"covered_lines": 11, "num_statements": 11, "percent_covered": 100.0, "percent_covered_display": "100.00", "missing_lines": 0, "excluded_lines": 0}, "missing_lines": [], "excluded_lines": []}, "create_thread_config": {"executed_lines": [486, 488, 489, 491], "summary": {"covered_lines": 4, "num_statements": 4, "percent_covered": 100.0, "percent_covered_display": "100.00", "missing_lines": 0, "excluded_lines": 0}, "missing_lines": [], "excluded_lines": []}, "create_run_config": {"executed_lines": [533, 535, 538, 541, 542, 545, 546, 547, 548, 550, 553, 556, 557, 558, 559, 560, 574, 575, 580], "summary": {"covered_lines": 19, "num_statements": 20, "percent_covered": 95.0, "percent_covered_display": "95.00", "missing_lines": 1, "excluded_lines": 0}, "missing_lines": [567], "excluded_lines": []}, "": {"executed_lines": [1, 21, 22, 23, 24, 25, 26, 28, 30, 31, 33, 36, 37, 54, 63, 119, 150, 208, 286, 341, 353, 372, 380, 392, 395, 410, 462, 494], "summary": {"covered_lines": 26, "num_statements": 26, "percent_covered": 100.0, "percent_covered_display": "100.00", "missing_lines": 0, "excluded_lines": 0}, "missing_lines": [], "excluded_lines": []}}, "classes": {"LangGraphService": {"executed_lines": [56, 57, 59, 61, 86, 88, 89, 91, 92, 94, 98, 100, 101, 107, 109, 110, 113, 117, 137, 139, 141, 144, 145, 242, 243, 246, 247, 249, 252, 255, 257, 259, 260, 261, 262, 268, 269, 270, 271, 282, 284, 316, 317, 318, 321, 324, 325, 327, 328, 331, 332, 333, 335, 339, 348, 367, 368, 370, 378, 386, 387, 388], "summary": {"covered_lines": 62, "num_statements": 82, "percent_covered": 75.60975609756098, "percent_covered_display": "75.61", "missing_lines": 20, "excluded_lines": 0}, "missing_lines": [95, 142, 172, 174, 175, 178, 179, 180, 181, 182, 184, 185, 190, 192, 194, 204, 206, 274, 276, 279], "excluded_lines": []}, "": {"executed_lines": [1, 21, 22, 23, 24, 25, 26, 28, 30, 31, 33, 36, 37, 54, 63, 119, 150, 208, 286, 341, 353, 372, 380, 392, 395, 405, 406, 407, 410, 438, 439, 442, 444, 445, 450, 451, 452, 453, 455, 459, 462, 486, 488, 489, 491, 494, 533, 535, 538, 541, 542, 545, 546, 547, 548, 550, 553, 556, 557, 558, 559, 560, 574, 575, 580], "summary": {"covered_lines": 63, "num_statements": 64, "percent_covered": 98.4375, "percent_covered_display": "98.44", "missing_lines": 1, "excluded_lines": 0}, "missing_lines": [567], "excluded_lines": []}}}, "src/agent_server/services/streaming_service.py": {"executed_lines": [1, 27, 28, 29, 30, 32, 33, 34, 35, 36, 37, 39, 42, 43, 65, 67, 69, 71, 95, 102, 108, 111, 114, 116, 145, 185, 283, 312, 344, 358, 425, 459, 512, 542, 556, 585, 614, 640, 659, 675, 699], "summary": {"covered_lines": 39, "num_statements": 160, "percent_covered": 24.375, "percent_covered_display": "24.38", "missing_lines": 121, "excluded_lines": 0}, "missing_lines": [135, 136, 137, 138, 139, 140, 141, 142, 143, 173, 174, 177, 180, 181, 183, 220, 223, 224, 227, 228, 229, 231, 232, 234, 235, 237, 240, 241, 244, 246, 261, 263, 269, 271, 302, 303, 304, 306, 307, 308, 310, 332, 333, 334, 336, 337, 338, 342, 356, 395, 396, 398, 399, 400, 401, 404, 405, 406, 408, 409, 412, 413, 415, 416, 417, 419, 420, 421, 422, 423, 449, 450, 452, 454, 455, 456, 457, 489, 490, 493, 497, 500, 501, 503, 504, 505, 507, 508, 509, 510, 531, 532, 534, 535, 536, 537, 538, 554, 577, 578, 579, 580, 581, 582, 583, 606, 607, 608, 609, 610, 611, 612, 632, 634, 636, 637, 638, 656, 657, 673, 692], "excluded_lines": [], "functions": {"StreamingService.__init__": {"executed_lines": [67, 69], "summary": {"covered_lines": 2, "num_statements": 2, "percent_covered": 100.0, "percent_covered_display": "100.00", "missing_lines": 0, "excluded_lines": 0}, "missing_lines": [], "excluded_lines": []}, "StreamingService._process_interrupt_updates": {"executed_lines": [95, 102, 108, 111, 114], "summary": {"covered_lines": 5, "num_statements": 5, "percent_covered": 100.0, "percent_covered_display": "100.00", "missing_lines": 0, "excluded_lines": 0}, "missing_lines": [], "excluded_lines": []}, "StreamingService._next_event_counter": {"executed_lines": [], "summary": {"covered_lines": 0, "num_statements": 9, "percent_covered": 0.0, "percent_covered_display": "0.00", "missing_lines": 9, "excluded_lines": 0}, "missing_lines": [135, 136, 137, 138, 139, 140, 141, 142, 143], "excluded_lines": []}, "StreamingService.put_to_broker": {"executed_lines": [], "summary": {"covered_lines": 0, "num_statements": 6, "percent_covered": 0.0, "percent_covered_display": "0.00", "missing_lines": 6, "excluded_lines": 0}, "missing_lines": [173, 174, 177, 180, 181, 183], "excluded_lines": []}, "StreamingService.store_event_from_raw": {"executed_lines": [], "summary": {"covered_lines": 0, "num_statements": 19, "percent_covered": 0.0, "percent_covered_display": "0.00", "missing_lines": 19, "excluded_lines": 0}, "missing_lines": [220, 223, 224, 227, 228, 229, 231, 232, 234, 235, 237, 240, 241, 244, 246, 261, 263, 269, 271], "excluded_lines": []}, "StreamingService.signal_run_cancelled": {"executed_lines": [], "summary": {"covered_lines": 0, "num_statements": 7, "percent_covered": 0.0, "percent_covered_display": "0.00", "missing_lines": 7, "excluded_lines": 0}, "missing_lines": [302, 303, 304, 306, 307, 308, 310], "excluded_lines": []}, "StreamingService.signal_run_error": {"executed_lines": [], "summary": {"covered_lines": 0, "num_statements": 7, "percent_covered": 0.0, "percent_covered_display": "0.00", "missing_lines": 7, "excluded_lines": 0}, "missing_lines": [332, 333, 334, 336, 337, 338, 342], "excluded_lines": []}, "StreamingService._extract_event_sequence": {"executed_lines": [], "summary": {"covered_lines": 0, "num_statements": 1, "percent_covered": 0.0, "percent_covered_display": "0.00", "missing_lines": 1, "excluded_lines": 0}, "missing_lines": [356], "excluded_lines": []}, "StreamingService.stream_run_execution": {"executed_lines": [], "summary": {"covered_lines": 0, "num_statements": 21, "percent_covered": 0.0, "percent_covered_display": "0.00", "missing_lines": 21, "excluded_lines": 0}, "missing_lines": [395, 396, 398, 399, 400, 401, 404, 405, 406, 408, 409, 412, 413, 415, 416, 417, 419, 420, 421, 422, 423], "excluded_lines": []}, "StreamingService._replay_stored_events": {"executed_lines": [], "summary": {"covered_lines": 0, "num_statements": 7, "percent_covered": 0.0, "percent_covered_display": "0.00", "missing_lines": 7, "excluded_lines": 0}, "missing_lines": [449, 450, 452, 454, 455, 456, 457], "excluded_lines": []}, "StreamingService._stream_live_events": {"executed_lines": [], "summary": {"covered_lines": 0, "num_statements": 13, "percent_covered": 0.0, "percent_covered_display": "0.00", "missing_lines": 13, "excluded_lines": 0}, "missing_lines": [489, 490, 493, 497, 500, 501, 503, 504, 505, 507, 508, 509, 510], "excluded_lines": []}, "StreamingService._cancel_background_task": {"executed_lines": [], "summary": {"covered_lines": 0, "num_statements": 7, "percent_covered": 0.0, "percent_covered_display": "0.00", "missing_lines": 7, "excluded_lines": 0}, "missing_lines": [531, 532, 534, 535, 536, 537, 538], "excluded_lines": []}, "StreamingService._convert_raw_to_sse": {"executed_lines": [], "summary": {"covered_lines": 0, "num_statements": 1, "percent_covered": 0.0, "percent_covered_display": "0.00", "missing_lines": 1, "excluded_lines": 0}, "missing_lines": [554], "excluded_lines": []}, "StreamingService.interrupt_run": {"executed_lines": [], "summary": {"covered_lines": 0, "num_statements": 7, "percent_covered": 0.0, "percent_covered_display": "0.00", "missing_lines": 7, "excluded_lines": 0}, "missing_lines": [577, 578, 579, 580, 581, 582, 583], "excluded_lines": []}, "StreamingService.cancel_run": {"executed_lines": [], "summary": {"covered_lines": 0, "num_statements": 7, "percent_covered": 0.0, "percent_covered_display": "0.00", "missing_lines": 7, "excluded_lines": 0}, "missing_lines": [606, 607, 608, 609, 610, 611, 612], "excluded_lines": []}, "StreamingService._update_run_status": {"executed_lines": [], "summary": {"covered_lines": 0, "num_statements": 5, "percent_covered": 0.0, "percent_covered_display": "0.00", "missing_lines": 5, "excluded_lines": 0}, "missing_lines": [632, 634, 636, 637, 638], "excluded_lines": []}, "StreamingService.is_run_streaming": {"executed_lines": [], "summary": {"covered_lines": 0, "num_statements": 2, "percent_covered": 0.0, "percent_covered_display": "0.00", "missing_lines": 2, "excluded_lines": 0}, "missing_lines": [656, 657], "excluded_lines": []}, "StreamingService.cleanup_run": {"executed_lines": [], "summary": {"covered_lines": 0, "num_statements": 1, "percent_covered": 0.0, "percent_covered_display": "0.00", "missing_lines": 1, "excluded_lines": 0}, "missing_lines": [673], "excluded_lines": []}, "StreamingService._stored_event_to_sse": {"executed_lines": [], "summary": {"covered_lines": 0, "num_statements": 1, "percent_covered": 0.0, "percent_covered_display": "0.00", "missing_lines": 1, "excluded_lines": 0}, "missing_lines": [692], "excluded_lines": []}, "": {"executed_lines": [1, 27, 28, 29, 30, 32, 33, 34, 35, 36, 37, 39, 42, 43, 65, 71, 116, 145, 185, 283, 312, 344, 358, 425, 459, 512, 542, 556, 585, 614, 640, 659, 675, 699], "summary": {"covered_lines": 32, "num_statements": 32, "percent_covered": 100.0, "percent_covered_display": "100.00", "missing_lines": 0, "excluded_lines": 0}, "missing_lines": [], "excluded_lines": []}}, "classes": {"StreamingService": {"executed_lines": [67, 69, 95, 102, 108, 111, 114], "summary": {"covered_lines": 7, "num_statements": 128, "percent_covered": 5.46875, "percent_covered_display": "5.47", "missing_lines": 121, "excluded_lines": 0}, "missing_lines": [135, 136, 137, 138, 139, 140, 141, 142, 143, 173, 174, 177, 180, 181, 183, 220, 223, 224, 227, 228, 229, 231, 232, 234, 235, 237, 240, 241, 244, 246, 261, 263, 269, 271, 302, 303, 304, 306, 307, 308, 310, 332, 333, 334, 336, 337, 338, 342, 356, 395, 396, 398, 399, 400, 401, 404, 405, 406, 408, 409, 412, 413, 415, 416, 417, 419, 420, 421, 422, 423, 449, 450, 452, 454, 455, 456, 457, 489, 490, 493, 497, 500, 501, 503, 504, 505, 507, 508, 509, 510, 531, 532, 534, 535, 536, 537, 538, 554, 577, 578, 579, 580, 581, 582, 583, 606, 607, 608, 609, 610, 611, 612, 632, 634, 636, 637, 638, 656, 657, 673, 692], "excluded_lines": []}, "": {"executed_lines": [1, 27, 28, 29, 30, 32, 33, 34, 35, 36, 37, 39, 42, 43, 65, 71, 116, 145, 185, 283, 312, 344, 358, 425, 459, 512, 542, 556, 585, 614, 640, 659, 675, 699], "summary": {"covered_lines": 32, "num_statements": 32, "percent_covered": 100.0, "percent_covered_display": "100.00", "missing_lines": 0, "excluded_lines": 0}, "missing_lines": [], "excluded_lines": []}}}, "src/agent_server/services/thread_state_service.py": {"executed_lines": [1, 17, 18, 19, 21, 22, 24, 27, 28, 44, 46, 48, 77, 79, 80, 81, 82, 85, 86, 89, 90, 97, 98, 104, 124, 148, 150, 151, 152, 155, 164, 166, 183, 184, 191, 194, 196, 214, 221, 222, 223, 225, 231, 247, 250, 251, 253], "summary": {"covered_lines": 45, "num_statements": 59, "percent_covered": 76.27118644067797, "percent_covered_display": "76.27", "missing_lines": 14, "excluded_lines": 0}, "missing_lines": [117, 118, 122, 156, 157, 162, 185, 187, 188, 189, 190, 193, 216, 248], "excluded_lines": [], "functions": {"ThreadStateService.__init__": {"executed_lines": [46], "summary": {"covered_lines": 1, "num_statements": 1, "percent_covered": 100.0, "percent_covered_display": "100.00", "missing_lines": 0, "excluded_lines": 0}, "missing_lines": [], "excluded_lines": []}, "ThreadStateService.convert_snapshot_to_thread_state": {"executed_lines": [77, 79, 80, 81, 82, 85, 86, 89, 90, 97, 98, 104], "summary": {"covered_lines": 12, "num_statements": 15, "percent_covered": 80.0, "percent_covered_display": "80.00", "missing_lines": 3, "excluded_lines": 0}, "missing_lines": [117, 118, 122], "excluded_lines": []}, "ThreadStateService.convert_snapshots_to_thread_states": {"executed_lines": [148, 150, 151, 152, 155, 164], "summary": {"covered_lines": 6, "num_statements": 9, "percent_covered": 66.66666666666667, "percent_covered_display": "66.67", "missing_lines": 3, "excluded_lines": 0}, "missing_lines": [156, 157, 162], "excluded_lines": []}, "ThreadStateService._extract_created_at": {"executed_lines": [183, 184, 191, 194], "summary": {"covered_lines": 4, "num_statements": 10, "percent_covered": 40.0, "percent_covered_display": "40.00", "missing_lines": 6, "excluded_lines": 0}, "missing_lines": [185, 187, 188, 189, 190, 193], "excluded_lines": []}, "ThreadStateService._create_checkpoint": {"executed_lines": [214, 221, 222, 223, 225], "summary": {"covered_lines": 5, "num_statements": 6, "percent_covered": 83.33333333333333, "percent_covered_display": "83.33", "missing_lines": 1, "excluded_lines": 0}, "missing_lines": [216], "excluded_lines": []}, "ThreadStateService._extract_checkpoint_id": {"executed_lines": [247, 250, 251, 253], "summary": {"covered_lines": 4, "num_statements": 5, "percent_covered": 80.0, "percent_covered_display": "80.00", "missing_lines": 1, "excluded_lines": 0}, "missing_lines": [248], "excluded_lines": []}, "": {"executed_lines": [1, 17, 18, 19, 21, 22, 24, 27, 28, 44, 48, 124, 166, 196, 231], "summary": {"covered_lines": 13, "num_statements": 13, "percent_covered": 100.0, "percent_covered_display": "100.00", "missing_lines": 0, "excluded_lines": 0}, "missing_lines": [], "excluded_lines": []}}, "classes": {"ThreadStateService": {"executed_lines": [46, 77, 79, 80, 81, 82, 85, 86, 89, 90, 97, 98, 104, 148, 150, 151, 152, 155, 164, 183, 184, 191, 194, 214, 221, 222, 223, 225, 247, 250, 251, 253], "summary": {"covered_lines": 32, "num_statements": 46, "percent_covered": 69.56521739130434, "percent_covered_display": "69.57", "missing_lines": 14, "excluded_lines": 0}, "missing_lines": [117, 118, 122, 156, 157, 162, 185, 187, 188, 189, 190, 193, 216, 248], "excluded_lines": []}, "": {"executed_lines": [1, 17, 18, 19, 21, 22, 24, 27, 28, 44, 48, 124, 166, 196, 231], "summary": {"covered_lines": 13, "num_statements": 13, "percent_covered": 100.0, "percent_covered_display": "100.00", "missing_lines": 0, "excluded_lines": 0}, "missing_lines": [], "excluded_lines": []}}}, "src/agent_server/utils/__init__.py": {"executed_lines": [1, 3], "summary": {"covered_lines": 2, "num_statements": 2, "percent_covered": 100.0, "percent_covered_display": "100.00", "missing_lines": 0, "excluded_lines": 0}, "missing_lines": [], "excluded_lines": [], "functions": {"": {"executed_lines": [1, 3], "summary": {"covered_lines": 2, "num_statements": 2, "percent_covered": 100.0, "percent_covered_display": "100.00", "missing_lines": 0, "excluded_lines": 0}, "missing_lines": [], "excluded_lines": []}}, "classes": {"": {"executed_lines": [1, 3], "summary": {"covered_lines": 2, "num_statements": 2, "percent_covered": 100.0, "percent_covered_display": "100.00", "missing_lines": 0, "excluded_lines": 0}, "missing_lines": [], "excluded_lines": []}}}, "src/agent_server/utils/assistants.py": {"executed_lines": [1, 3, 4, 6, 9, 25], "summary": {"covered_lines": 6, "num_statements": 6, "percent_covered": 100.0, "percent_covered_display": "100.00", "missing_lines": 0, "excluded_lines": 0}, "missing_lines": [], "excluded_lines": [], "functions": {"resolve_assistant_id": {"executed_lines": [25], "summary": {"covered_lines": 1, "num_statements": 1, "percent_covered": 100.0, "percent_covered_display": "100.00", "missing_lines": 0, "excluded_lines": 0}, "missing_lines": [], "excluded_lines": []}, "": {"executed_lines": [1, 3, 4, 6, 9], "summary": {"covered_lines": 5, "num_statements": 5, "percent_covered": 100.0, "percent_covered_display": "100.00", "missing_lines": 0, "excluded_lines": 0}, "missing_lines": [], "excluded_lines": []}}, "classes": {"": {"executed_lines": [1, 3, 4, 6, 9, 25], "summary": {"covered_lines": 6, "num_statements": 6, "percent_covered": 100.0, "percent_covered_display": "100.00", "missing_lines": 0, "excluded_lines": 0}, "missing_lines": [], "excluded_lines": []}}}, "src/agent_server/utils/sse_utils.py": {"executed_lines": [1, 11, 14, 23, 24, 25, 26], "summary": {"covered_lines": 7, "num_statements": 7, "percent_covered": 100.0, "percent_covered_display": "100.00", "missing_lines": 0, "excluded_lines": 0}, "missing_lines": [], "excluded_lines": [], "functions": {"generate_event_id": {"executed_lines": [11], "summary": {"covered_lines": 1, "num_statements": 1, "percent_covered": 100.0, "percent_covered_display": "100.00", "missing_lines": 0, "excluded_lines": 0}, "missing_lines": [], "excluded_lines": []}, "extract_event_sequence": {"executed_lines": [23, 24, 25, 26], "summary": {"covered_lines": 4, "num_statements": 4, "percent_covered": 100.0, "percent_covered_display": "100.00", "missing_lines": 0, "excluded_lines": 0}, "missing_lines": [], "excluded_lines": []}, "": {"executed_lines": [1, 14], "summary": {"covered_lines": 2, "num_statements": 2, "percent_covered": 100.0, "percent_covered_display": "100.00", "missing_lines": 0, "excluded_lines": 0}, "missing_lines": [], "excluded_lines": []}}, "classes": {"": {"executed_lines": [1, 11, 14, 23, 24, 25, 26], "summary": {"covered_lines": 7, "num_statements": 7, "percent_covered": 100.0, "percent_covered_display": "100.00", "missing_lines": 0, "excluded_lines": 0}, "missing_lines": [], "excluded_lines": []}}}}, "totals": {"covered_lines": 1697, "num_statements": 2424, "percent_covered": 70.00825082508251, "percent_covered_display": "70.01", "missing_lines": 727, "excluded_lines": 46}}